
R version 4.2.3 (2023-03-15) -- "Shortstop Beagle"
Copyright (C) 2023 The R Foundation for Statistical Computing
Platform: x86_64-conda-linux-gnu (64-bit)

R is free software and comes with ABSOLUTELY NO WARRANTY.
You are welcome to redistribute it under certain conditions.
Type 'license()' or 'licence()' for distribution details.

  Natural language support but running in an English locale

R is a collaborative project with many contributors.
Type 'contributors()' for more information and
'citation()' on how to cite R or R packages in publications.

Type 'demo()' for some demos, 'help()' for on-line help, or
'help.start()' for an HTML browser interface to help.
Type 'q()' to quit R.

> ##### Preparation #####
> 
> # import packages
> rm(list=ls())
> libs<-c("rstan", "stringr")
> sapply(libs, require, character.only=TRUE)
Loading required package: rstan
Loading required package: StanHeaders

rstan version 2.26.22 (Stan version 2.26.1)

For execution on a local, multicore CPU with excess RAM we recommend calling
options(mc.cores = parallel::detectCores()).
To avoid recompilation of unchanged Stan programs, we recommend calling
rstan_options(auto_write = TRUE)
For within-chain threading using `reduce_sum()` or `map_rect()` Stan functions,
change `threads_per_chain` option:
rstan_options(threads_per_chain = 1)

Loading required package: stringr
  rstan stringr 
   TRUE    TRUE 
> 
> ###### define sample #####
> 
> sample <- 'n58' # n71, n53, n50
> 
> ## Prior predictive checks or fitting?
> estimation = 1 # 0 = prior predictive check because likelihood is not evaluated; 1 = model fitting to real data
> 
> ######
> 
> # activate these stan options -----------------------------------
> options(mc.cores = parallel::detectCores())
> rstan_options(auto_write = TRUE)
> 
> # only on windows:
> Sys.setenv(LOCAL_CPPFLAGS = '-march=native')
> 
> #datapath<-"C:/Users/musialm/OneDrive - Charité - Universitätsmedizin Berlin/PhD/04_B01/ILT/WP2_ILT_CODE/Stan Modeling"
> datapath<-"/fast/work/groups/ag_schlagenhauf/B01_FP1_WP2/ILT_DATA"
> filepath<-"/fast/work/groups/ag_schlagenhauf/B01_FP1_WP2/WP2_ILT_CODE/02_Behav_and_Comp_Modeling"
> #out_path<-'S:/AG/AG-Schlagenhauf_TRR265/Daten/B01/Analysen/WP2_ILT/Stan Output'
> 
> # get model name
> args <- commandArgs(trailingOnly = TRUE)
> model_name <- args[1]
> #model_name <- 'bandit2arm_delta_main_hierarchical'
> 
> ##### Read input #####
> if (sample == 'n71') {
+   input<-read.table(file.path(datapath, 'Input/Stan_input_n71.txt'), header = T)
+ } else if (sample == 'n63') {
+   input<-read.table(file.path(datapath, 'Input/Stan_input_n63.txt'), header = T)
+ } else if (sample == 'n60') {
+   input<-read.table(file.path(datapath, 'Input/Stan_input_n60.txt'), header = T)
+ } else if (sample == 'n56') {
+   input<-read.table(file.path(datapath, 'Input/Stan_input_n56.txt'), header = T)
+ } else if (sample == 'n58') {
+   input<-read.table(file.path(datapath, 'Input/Stan_input_n58.txt'), header = T)
+ } else if (sample == 'n53') {
+   input<-read.table(file.path(datapath, 'Input/Stan_input_n53.txt'), header = T)
+ } else if (sample == 'n50') {
+   input<-read.table(file.path(datapath, 'Input/Stan_input_n50.txt'), header = T)
+ } else if (sample == 'n60_aud') {
+   input<-read.table(file.path(datapath, 'Input/Stan_input_aud_n60.txt'), header = T)
+ } else if (sample == 'n60_hc') {
+   input<-read.table(file.path(datapath, 'Input/Stan_input_hc_n60.txt'), header = T)
+ } else if (sample == 'n56_aud') {
+   input<-read.table(file.path(datapath, 'Input/Stan_input_aud_n56.txt'), header = T)
+ } else if (sample == 'n56_hc') {
+   input<-read.table(file.path(datapath, 'Input/Stan_input_hc_n56.txt'), header = T)
+ } else if (sample == 'n56_aud_jui') {
+   input<-read.table(file.path(datapath, 'Input/Stan_input_jui_aud_n56.txt'), header = T)
+ } else if (sample == 'n56_hc_jui') {
+   input<-read.table(file.path(datapath, 'Input/Stan_input_jui_hc_n56.txt'), header = T)
+ } else if (sample == 'n56_aud_alc') {
+   input<-read.table(file.path(datapath, 'Input/Stan_input_alc_aud_n56.txt'), header = T)
+ } else if (sample == 'n56_hc_alc') {
+   input<-read.table(file.path(datapath, 'Input/Stan_input_alc_hc_n56.txt'), header = T)
+ }
> 
> nsub <- length(unique(input$subjID))
> nt <- length(input$trial)
> ntsub <- unlist(table(input$subjID), use.names = F)
> 
> ntsub_non_na <- c()
> 
> # restructure choice and outcome data so that NAs are displayed at column end
> choice_ntsub <- as.data.frame(matrix(input$choice,nrow=ntsub,byrow = F))
> for (i in 1:nsub) {
+   choice_ntsub_non_na <- na.omit(choice_ntsub[,i])
+   ntsub_non_na <- c(ntsub_non_na,length(choice_ntsub_non_na))
+   choice_ntsub_non_na_as_list <- as.list(choice_ntsub_non_na)
+   pad_choice <- ntsub[i]-length(choice_ntsub_non_na_as_list)
+   vec_pad_choice <- rep(NA, pad_choice)
+   padded_list_choice <- append(choice_ntsub_non_na_as_list, vec_pad_choice)
+   #print(choice_ntsub[,i])
+   choice_ntsub[,i] <- unlist(padded_list_choice)
+ }
> choice_ntsub <- t(data.matrix(choice_ntsub))
> choice_ntsub[is.na(choice_ntsub)] <- -999
> 
> outcome_ntsub <- as.data.frame(matrix(input$outcome,nrow=ntsub,byrow = F))
> for (i in 1:nsub) {
+   outcome_ntsub_non_na <- na.omit(outcome_ntsub[,i])
+   outcome_ntsub_non_na_as_list <- as.list(outcome_ntsub_non_na)
+   pad_outcome <- ntsub[i]-length(outcome_ntsub_non_na_as_list)
+   vec_pad_outcome <- rep(NA, pad_outcome)
+   padded_list_outcome <- append(outcome_ntsub_non_na_as_list, vec_pad_outcome)
+   #print(outcome_ntsub[,i])
+   outcome_ntsub[,i] <- unlist(padded_list_outcome)
+ }
> outcome_ntsub <- t(data.matrix(outcome_ntsub))
> outcome_ntsub[is.na(outcome_ntsub)] <- -999
> 
> ntmax <- length(padded_list_choice)
> ntsub <- as.numeric(ntsub)
> 
> # stan input as named list
> stan_data <- list(N = nsub, 
+                   T = nt,
+                   MT = ntmax,
+                   Tsubj = ntsub_non_na,
+                   choice = choice_ntsub,
+                   outcome = outcome_ntsub,
+                   run_estimation = estimation) # 0 = prior predictive check because likelihood is not evaluated; 1 = model fitting to real data
> 
> input_filename <- paste("stan_data_", model_name, "_", sample, ".RData", sep="")
> save(file=file.path(datapath, "Input", input_filename), stan_data)
> 
> ##### Load Stan Model #####
> 
> model_filename <- paste(model_name, ".stan", sep = "")
> stan_model<- file.path(filepath, "Models", model_filename)
> stanc(stan_model)
$status
[1] TRUE

$model_cppname
[1] "model2ed7fb51a10baa_bandit2arm_delta_main"

$cppcode
[1] "#ifndef USE_STANC3\n#define USE_STANC3\n#endif\n// Code generated by stanc v2.26.1-4-gd72b68b7-dirty\n#include <stan/model/model_header.hpp>\nnamespace model2ed7fb51a10baa_bandit2arm_delta_main_namespace {\ninline void validate_positive_index(const char* var_name, const char* expr,\n                                    int val) {\n  if (val < 1) {\n    std::stringstream msg;\n    msg << \"Found dimension size less than one in simplex declaration\"\n        << \"; variable=\" << var_name << \"; dimension size expression=\" << expr\n        << \"; expression value=\" << val;\n    std::string msg_str(msg.str());\n    throw std::invalid_argument(msg_str.c_str());\n  }\n}\ninline void validate_unit_vector_index(const char* var_name, const char* expr,\n                                       int val) {\n  if (val <= 1) {\n    std::stringstream msg;\n    if (val == 1) {\n      msg << \"Found dimension size one in unit vector declaration.\"\n          << \" One-dimensional unit vector is discrete\"\n          << \" but the target distribution must be continuous.\"\n          << \" variable=\" << var_name << \"; dimension size expression=\" << expr;\n    } else {\n      msg << \"Found dimension size less than one in unit vector declaration\"\n          << \"; variable=\" << var_name << \"; dimension size expression=\" << expr\n          << \"; expression value=\" << val;\n    }\n    std::string msg_str(msg.str());\n    throw std::invalid_argument(msg_str.c_str());\n  }\n}\nusing std::istream;\nusing std::string;\nusing std::stringstream;\nusing std::vector;\nusing std::pow;\nusing stan::io::dump;\nusing stan::math::lgamma;\nusing stan::model::model_base_crtp;\nusing stan::model::rvalue;\nusing stan::model::cons_list;\nusing stan::model::index_uni;\nusing stan::model::index_max;\nusing stan::model::index_min;\nusing stan::model::index_min_max;\nusing stan::model::index_multi;\nusing stan::model::index_omni;\nusing stan::model::nil_index_list;\nusing namespace stan::math;\nusing stan::math::pow; \nstan::math::profile_map profiles__;\nstatic int current_statement__= 0;\nstatic const std::vector<string> locations_array__ = {\" (found before start of program)\",\n                                                      \" (in 'bandit2arm_delta_main', line 21, column 2 to column 18)\",\n                                                      \" (in 'bandit2arm_delta_main', line 22, column 2 to column 27)\",\n                                                      \" (in 'bandit2arm_delta_main', line 24, column 2 to column 17)\",\n                                                      \" (in 'bandit2arm_delta_main', line 25, column 2 to column 19)\",\n                                                      \" (in 'bandit2arm_delta_main', line 29, column 2 to column 32)\",\n                                                      \" (in 'bandit2arm_delta_main', line 30, column 2 to column 36)\",\n                                                      \" (in 'bandit2arm_delta_main', line 34, column 4 to column 57)\",\n                                                      \" (in 'bandit2arm_delta_main', line 35, column 4 to column 63)\",\n                                                      \" (in 'bandit2arm_delta_main', line 33, column 17 to line 36, column 3)\",\n                                                      \" (in 'bandit2arm_delta_main', line 33, column 2 to line 36, column 3)\",\n                                                      \" (in 'bandit2arm_delta_main', line 78, column 2 to column 30)\",\n                                                      \" (in 'bandit2arm_delta_main', line 79, column 2 to column 34)\",\n                                                      \" (in 'bandit2arm_delta_main', line 81, column 2 to column 21)\",\n                                                      \" (in 'bandit2arm_delta_main', line 82, column 2 to column 20)\",\n                                                      \" (in 'bandit2arm_delta_main', line 85, column 2 to column 31)\",\n                                                      \" (in 'bandit2arm_delta_main', line 87, column 2 to column 19)\",\n                                                      \" (in 'bandit2arm_delta_main', line 90, column 2 to column 21)\",\n                                                      \" (in 'bandit2arm_delta_main', line 93, column 2 to column 23)\",\n                                                      \" (in 'bandit2arm_delta_main', line 94, column 2 to column 28)\",\n                                                      \" (in 'bandit2arm_delta_main', line 98, column 4 to column 24)\",\n                                                      \" (in 'bandit2arm_delta_main', line 100, column 6 to column 25)\",\n                                                      \" (in 'bandit2arm_delta_main', line 101, column 6 to column 26)\",\n                                                      \" (in 'bandit2arm_delta_main', line 102, column 6 to column 33)\",\n                                                      \" (in 'bandit2arm_delta_main', line 103, column 6 to column 36)\",\n                                                      \" (in 'bandit2arm_delta_main', line 104, column 6 to column 26)\",\n                                                      \" (in 'bandit2arm_delta_main', line 106, column 8 to column 30)\",\n                                                      \" (in 'bandit2arm_delta_main', line 105, column 21 to line 107, column 7)\",\n                                                      \" (in 'bandit2arm_delta_main', line 105, column 6 to line 107, column 7)\",\n                                                      \" (in 'bandit2arm_delta_main', line 99, column 20 to line 108, column 5)\",\n                                                      \" (in 'bandit2arm_delta_main', line 99, column 4 to line 108, column 5)\",\n                                                      \" (in 'bandit2arm_delta_main', line 97, column 17 to line 109, column 3)\",\n                                                      \" (in 'bandit2arm_delta_main', line 97, column 2 to line 109, column 3)\",\n                                                      \" (in 'bandit2arm_delta_main', line 111, column 2 to column 32)\",\n                                                      \" (in 'bandit2arm_delta_main', line 112, column 2 to column 36)\",\n                                                      \" (in 'bandit2arm_delta_main', line 117, column 6 to column 19)\",\n                                                      \" (in 'bandit2arm_delta_main', line 118, column 6 to column 14)\",\n                                                      \" (in 'bandit2arm_delta_main', line 119, column 6 to column 27)\",\n                                                      \" (in 'bandit2arm_delta_main', line 121, column 6 to column 17)\",\n                                                      \" (in 'bandit2arm_delta_main', line 122, column 6 to column 23)\",\n                                                      \" (in 'bandit2arm_delta_main', line 131, column 8 to column 67)\",\n                                                      \" (in 'bandit2arm_delta_main', line 137, column 10 to column 84)\",\n                                                      \" (in 'bandit2arm_delta_main', line 138, column 10 to column 85)\",\n                                                      \" (in 'bandit2arm_delta_main', line 141, column 10 to column 42)\",\n                                                      \" (in 'bandit2arm_delta_main', line 142, column 10 to column 61)\",\n                                                      \" (in 'bandit2arm_delta_main', line 145, column 10 to column 48)\",\n                                                      \" (in 'bandit2arm_delta_main', line 146, column 10 to column 28)\",\n                                                      \" (in 'bandit2arm_delta_main', line 149, column 10 to column 41)\",\n                                                      \" (in 'bandit2arm_delta_main', line 151, column 10 to column 33)\",\n                                                      \" (in 'bandit2arm_delta_main', line 152, column 10 to column 33)\",\n                                                      \" (in 'bandit2arm_delta_main', line 154, column 10 to column 50)\",\n                                                      \" (in 'bandit2arm_delta_main', line 134, column 30 to line 156, column 9)\",\n                                                      \" (in 'bandit2arm_delta_main', line 134, column 8 to line 156, column 9)\",\n                                                      \" (in 'bandit2arm_delta_main', line 162, column 10 to column 85)\",\n                                                      \" (in 'bandit2arm_delta_main', line 163, column 10 to column 86)\",\n                                                      \" (in 'bandit2arm_delta_main', line 166, column 10 to column 48)\",\n                                                      \" (in 'bandit2arm_delta_main', line 167, column 10 to column 28)\",\n                                                      \" (in 'bandit2arm_delta_main', line 170, column 10 to column 41)\",\n                                                      \" (in 'bandit2arm_delta_main', line 172, column 10 to column 33)\",\n                                                      \" (in 'bandit2arm_delta_main', line 173, column 10 to column 33)\",\n                                                      \" (in 'bandit2arm_delta_main', line 175, column 10 to column 50)\",\n                                                      \" (in 'bandit2arm_delta_main', line 159, column 30 to line 177, column 9)\",\n                                                      \" (in 'bandit2arm_delta_main', line 159, column 8 to line 177, column 9)\",\n                                                      \" (in 'bandit2arm_delta_main', line 126, column 28 to line 179, column 7)\",\n                                                      \" (in 'bandit2arm_delta_main', line 126, column 6 to line 179, column 7)\",\n                                                      \" (in 'bandit2arm_delta_main', line 115, column 19 to line 181, column 5)\",\n                                                      \" (in 'bandit2arm_delta_main', line 115, column 4 to line 181, column 5)\",\n                                                      \" (in 'bandit2arm_delta_main', line 114, column 2 to line 183, column 3)\",\n                                                      \" (in 'bandit2arm_delta_main', line 41, column 2 to column 23)\",\n                                                      \" (in 'bandit2arm_delta_main', line 42, column 2 to column 23)\",\n                                                      \" (in 'bandit2arm_delta_main', line 45, column 2 to column 22)\",\n                                                      \" (in 'bandit2arm_delta_main', line 46, column 2 to column 24)\",\n                                                      \" (in 'bandit2arm_delta_main', line 52, column 6 to column 19)\",\n                                                      \" (in 'bandit2arm_delta_main', line 53, column 6 to column 14)\",\n                                                      \" (in 'bandit2arm_delta_main', line 55, column 6 to column 17)\",\n                                                      \" (in 'bandit2arm_delta_main', line 61, column 8 to column 63)\",\n                                                      \" (in 'bandit2arm_delta_main', line 64, column 8 to column 47)\",\n                                                      \" (in 'bandit2arm_delta_main', line 67, column 8 to column 39)\",\n                                                      \" (in 'bandit2arm_delta_main', line 58, column 28 to line 69, column 7)\",\n                                                      \" (in 'bandit2arm_delta_main', line 58, column 6 to line 69, column 7)\",\n                                                      \" (in 'bandit2arm_delta_main', line 51, column 19 to line 71, column 5)\",\n                                                      \" (in 'bandit2arm_delta_main', line 51, column 4 to line 71, column 5)\",\n                                                      \" (in 'bandit2arm_delta_main', line 49, column 24 to line 73, column 3)\",\n                                                      \" (in 'bandit2arm_delta_main', line 49, column 2 to line 73, column 3)\",\n                                                      \" (in 'bandit2arm_delta_main', line 4, column 2 to column 17)\",\n                                                      \" (in 'bandit2arm_delta_main', line 5, column 2 to column 17)\",\n                                                      \" (in 'bandit2arm_delta_main', line 6, column 2 to column 18)\",\n                                                      \" (in 'bandit2arm_delta_main', line 7, column 31 to column 32)\",\n                                                      \" (in 'bandit2arm_delta_main', line 7, column 2 to column 34)\",\n                                                      \" (in 'bandit2arm_delta_main', line 8, column 34 to column 35)\",\n                                                      \" (in 'bandit2arm_delta_main', line 8, column 37 to column 39)\",\n                                                      \" (in 'bandit2arm_delta_main', line 8, column 2 to column 41)\",\n                                                      \" (in 'bandit2arm_delta_main', line 9, column 35 to column 36)\",\n                                                      \" (in 'bandit2arm_delta_main', line 9, column 38 to column 40)\",\n                                                      \" (in 'bandit2arm_delta_main', line 9, column 2 to column 42)\",\n                                                      \" (in 'bandit2arm_delta_main', line 10, column 2 to column 43)\",\n                                                      \" (in 'bandit2arm_delta_main', line 14, column 2 to column 18)\",\n                                                      \" (in 'bandit2arm_delta_main', line 15, column 2 to column 29)\",\n                                                      \" (in 'bandit2arm_delta_main', line 24, column 9 to column 10)\",\n                                                      \" (in 'bandit2arm_delta_main', line 25, column 9 to column 10)\",\n                                                      \" (in 'bandit2arm_delta_main', line 29, column 27 to column 28)\",\n                                                      \" (in 'bandit2arm_delta_main', line 30, column 29 to column 30)\",\n                                                      \" (in 'bandit2arm_delta_main', line 81, column 15 to column 16)\",\n                                                      \" (in 'bandit2arm_delta_main', line 81, column 17 to column 19)\",\n                                                      \" (in 'bandit2arm_delta_main', line 82, column 17 to column 18)\",\n                                                      \" (in 'bandit2arm_delta_main', line 85, column 25 to column 26)\",\n                                                      \" (in 'bandit2arm_delta_main', line 85, column 27 to column 29)\",\n                                                      \" (in 'bandit2arm_delta_main', line 87, column 13 to column 14)\",\n                                                      \" (in 'bandit2arm_delta_main', line 87, column 15 to column 17)\",\n                                                      \" (in 'bandit2arm_delta_main', line 90, column 15 to column 16)\",\n                                                      \" (in 'bandit2arm_delta_main', line 90, column 17 to column 19)\",\n                                                      \" (in 'bandit2arm_delta_main', line 93, column 15 to column 16)\",\n                                                      \" (in 'bandit2arm_delta_main', line 93, column 17 to column 19)\",\n                                                      \" (in 'bandit2arm_delta_main', line 94, column 22 to column 23)\",\n                                                      \" (in 'bandit2arm_delta_main', line 94, column 24 to column 26)\"};\nclass model2ed7fb51a10baa_bandit2arm_delta_main final : public model_base_crtp<model2ed7fb51a10baa_bandit2arm_delta_main> {\nprivate:\n  int N;\n  int T;\n  int MT;\n  std::vector<int> Tsubj;\n  std::vector<std::vector<int>> choice;\n  std::vector<std::vector<int>> outcome;\n  int run_estimation;\n  Eigen::Matrix<double, -1, 1> initV;\n \npublic:\n  ~model2ed7fb51a10baa_bandit2arm_delta_main() { }\n  \n  inline std::string model_name() const final { return \"model2ed7fb51a10baa_bandit2arm_delta_main\"; }\n  inline std::vector<std::string> model_compile_info() const noexcept {\n    return std::vector<std::string>{\"stanc_version = stanc3 v2.26.1-4-gd72b68b7-dirty\", \"stancflags = \"};\n  }\n  \n  \n  model2ed7fb51a10baa_bandit2arm_delta_main(stan::io::var_context& context__,\n                                            unsigned int random_seed__ = 0,\n                                            std::ostream* pstream__ = nullptr) : model_base_crtp(0) {\n    using local_scalar_t__ = double ;\n    boost::ecuyer1988 base_rng__ = \n        stan::services::util::create_rng(random_seed__, 0);\n    (void) base_rng__;  // suppress unused var warning\n    static const char* function__ = \"model2ed7fb51a10baa_bandit2arm_delta_main_namespace::model2ed7fb51a10baa_bandit2arm_delta_main\";\n    (void) function__;  // suppress unused var warning\n    local_scalar_t__ DUMMY_VAR__(std::numeric_limits<double>::quiet_NaN());\n    (void) DUMMY_VAR__;  // suppress unused var warning\n    \n    try {\n      int pos__;\n      pos__ = std::numeric_limits<int>::min();\n      \n      pos__ = 1;\n      current_statement__ = 84;\n      context__.validate_dims(\"data initialization\",\"N\",\"int\",\n          context__.to_vec());\n      N = std::numeric_limits<int>::min();\n      \n      current_statement__ = 84;\n      N = context__.vals_i(\"N\")[(1 - 1)];\n      current_statement__ = 84;\n      current_statement__ = 84;\n      check_greater_or_equal(function__, \"N\", N, 1);\n      current_statement__ = 85;\n      context__.validate_dims(\"data initialization\",\"T\",\"int\",\n          context__.to_vec());\n      T = std::numeric_limits<int>::min();\n      \n      current_statement__ = 85;\n      T = context__.vals_i(\"T\")[(1 - 1)];\n      current_statement__ = 85;\n      current_statement__ = 85;\n      check_greater_or_equal(function__, \"T\", T, 1);\n      current_statement__ = 86;\n      context__.validate_dims(\"data initialization\",\"MT\",\"int\",\n          context__.to_vec());\n      MT = std::numeric_limits<int>::min();\n      \n      current_statement__ = 86;\n      MT = context__.vals_i(\"MT\")[(1 - 1)];\n      current_statement__ = 86;\n      current_statement__ = 86;\n      check_greater_or_equal(function__, \"MT\", MT, 1);\n      current_statement__ = 87;\n      validate_non_negative_index(\"Tsubj\", \"N\", N);\n      current_statement__ = 88;\n      context__.validate_dims(\"data initialization\",\"Tsubj\",\"int\",\n          context__.to_vec(N));\n      Tsubj = std::vector<int>(N, std::numeric_limits<int>::min());\n      \n      current_statement__ = 88;\n      assign(Tsubj, nil_index_list(), context__.vals_i(\"Tsubj\"),\n        \"assigning variable Tsubj\");\n      current_statement__ = 88;\n      for (int sym1__ = 1; sym1__ <= N; ++sym1__) {\n        current_statement__ = 88;\n        current_statement__ = 88;\n        check_greater_or_equal(function__, \"Tsubj[sym1__]\",\n                               Tsubj[(sym1__ - 1)], 1);}\n      current_statement__ = 88;\n      for (int sym1__ = 1; sym1__ <= N; ++sym1__) {\n        current_statement__ = 88;\n        current_statement__ = 88;\n        check_less_or_equal(function__, \"Tsubj[sym1__]\", Tsubj[(sym1__ - 1)],\n                            MT);}\n      current_statement__ = 89;\n      validate_non_negative_index(\"choice\", \"N\", N);\n      current_statement__ = 90;\n      validate_non_negative_index(\"choice\", \"MT\", MT);\n      current_statement__ = 91;\n      context__.validate_dims(\"data initialization\",\"choice\",\"int\",\n          context__.to_vec(N, MT));\n      choice = std::vector<std::vector<int>>(N, std::vector<int>(MT, std::numeric_limits<int>::min()));\n      \n      {\n        std::vector<int> choice_flat__;\n        current_statement__ = 91;\n        assign(choice_flat__, nil_index_list(), context__.vals_i(\"choice\"),\n          \"assigning variable choice_flat__\");\n        current_statement__ = 91;\n        pos__ = 1;\n        current_statement__ = 91;\n        for (int sym1__ = 1; sym1__ <= MT; ++sym1__) {\n          current_statement__ = 91;\n          for (int sym2__ = 1; sym2__ <= N; ++sym2__) {\n            current_statement__ = 91;\n            assign(choice,\n              cons_list(index_uni(sym2__),\n                cons_list(index_uni(sym1__), nil_index_list())),\n              choice_flat__[(pos__ - 1)], \"assigning variable choice\");\n            current_statement__ = 91;\n            pos__ = (pos__ + 1);}}\n      }\n      current_statement__ = 91;\n      for (int sym1__ = 1; sym1__ <= N; ++sym1__) {\n        current_statement__ = 91;\n        for (int sym2__ = 1; sym2__ <= MT; ++sym2__) {\n          current_statement__ = 91;\n          current_statement__ = 91;\n          check_greater_or_equal(function__, \"choice[sym1__, sym2__]\",\n                                 choice[(sym1__ - 1)][(sym2__ - 1)], \n                                 -999);}}\n      current_statement__ = 91;\n      for (int sym1__ = 1; sym1__ <= N; ++sym1__) {\n        current_statement__ = 91;\n        for (int sym2__ = 1; sym2__ <= MT; ++sym2__) {\n          current_statement__ = 91;\n          current_statement__ = 91;\n          check_less_or_equal(function__, \"choice[sym1__, sym2__]\",\n                              choice[(sym1__ - 1)][(sym2__ - 1)], 2);}}\n      current_statement__ = 92;\n      validate_non_negative_index(\"outcome\", \"N\", N);\n      current_statement__ = 93;\n      validate_non_negative_index(\"outcome\", \"MT\", MT);\n      current_statement__ = 94;\n      context__.validate_dims(\"data initialization\",\"outcome\",\"int\",\n          context__.to_vec(N, MT));\n      outcome = std::vector<std::vector<int>>(N, std::vector<int>(MT, std::numeric_limits<int>::min()));\n      \n      {\n        std::vector<int> outcome_flat__;\n        current_statement__ = 94;\n        assign(outcome_flat__, nil_index_list(), context__.vals_i(\"outcome\"),\n          \"assigning variable outcome_flat__\");\n        current_statement__ = 94;\n        pos__ = 1;\n        current_statement__ = 94;\n        for (int sym1__ = 1; sym1__ <= MT; ++sym1__) {\n          current_statement__ = 94;\n          for (int sym2__ = 1; sym2__ <= N; ++sym2__) {\n            current_statement__ = 94;\n            assign(outcome,\n              cons_list(index_uni(sym2__),\n                cons_list(index_uni(sym1__), nil_index_list())),\n              outcome_flat__[(pos__ - 1)], \"assigning variable outcome\");\n            current_statement__ = 94;\n            pos__ = (pos__ + 1);}}\n      }\n      current_statement__ = 94;\n      for (int sym1__ = 1; sym1__ <= N; ++sym1__) {\n        current_statement__ = 94;\n        for (int sym2__ = 1; sym2__ <= MT; ++sym2__) {\n          current_statement__ = 94;\n          current_statement__ = 94;\n          check_greater_or_equal(function__, \"outcome[sym1__, sym2__]\",\n                                 outcome[(sym1__ - 1)][(sym2__ - 1)], \n                                 -999);}}\n      current_statement__ = 94;\n      for (int sym1__ = 1; sym1__ <= N; ++sym1__) {\n        current_statement__ = 94;\n        for (int sym2__ = 1; sym2__ <= MT; ++sym2__) {\n          current_statement__ = 94;\n          current_statement__ = 94;\n          check_less_or_equal(function__, \"outcome[sym1__, sym2__]\",\n                              outcome[(sym1__ - 1)][(sym2__ - 1)], 1);}}\n      current_statement__ = 95;\n      context__.validate_dims(\"data initialization\",\"run_estimation\",\"int\",\n          context__.to_vec());\n      run_estimation = std::numeric_limits<int>::min();\n      \n      current_statement__ = 95;\n      run_estimation = context__.vals_i(\"run_estimation\")[(1 - 1)];\n      current_statement__ = 95;\n      current_statement__ = 95;\n      check_greater_or_equal(function__, \"run_estimation\", run_estimation, 0);\n      current_statement__ = 95;\n      current_statement__ = 95;\n      check_less_or_equal(function__, \"run_estimation\", run_estimation, 1);\n      current_statement__ = 96;\n      initV = Eigen::Matrix<double, -1, 1>(2);\n      stan::math::fill(initV, std::numeric_limits<double>::quiet_NaN());\n      \n      current_statement__ = 97;\n      assign(initV, nil_index_list(), rep_vector(0.5, 2),\n        \"assigning variable initV\");\n      current_statement__ = 98;\n      validate_non_negative_index(\"A_pr\", \"N\", N);\n      current_statement__ = 99;\n      validate_non_negative_index(\"tau_pr\", \"N\", N);\n      current_statement__ = 100;\n      validate_non_negative_index(\"A\", \"N\", N);\n      current_statement__ = 101;\n      validate_non_negative_index(\"tau\", \"N\", N);\n      current_statement__ = 102;\n      validate_non_negative_index(\"log_lik\", \"N\", N);\n      current_statement__ = 103;\n      validate_non_negative_index(\"log_lik\", \"MT\", MT);\n      current_statement__ = 104;\n      validate_non_negative_index(\"log_lik_s\", \"N\", N);\n      current_statement__ = 105;\n      validate_non_negative_index(\"softmax_ev_chosen\", \"N\", N);\n      current_statement__ = 106;\n      validate_non_negative_index(\"softmax_ev_chosen\", \"MT\", MT);\n      current_statement__ = 107;\n      validate_non_negative_index(\"y_pred\", \"N\", N);\n      current_statement__ = 108;\n      validate_non_negative_index(\"y_pred\", \"MT\", MT);\n      current_statement__ = 109;\n      validate_non_negative_index(\"PE_pred\", \"N\", N);\n      current_statement__ = 110;\n      validate_non_negative_index(\"PE_pred\", \"MT\", MT);\n      current_statement__ = 111;\n      validate_non_negative_index(\"ev_pred\", \"N\", N);\n      current_statement__ = 112;\n      validate_non_negative_index(\"ev_pred\", \"MT\", MT);\n      current_statement__ = 113;\n      validate_non_negative_index(\"ev_chosen_pred\", \"N\", N);\n      current_statement__ = 114;\n      validate_non_negative_index(\"ev_chosen_pred\", \"MT\", MT);\n    } catch (const std::exception& e) {\n      stan::lang::rethrow_located(e, locations_array__[current_statement__]);\n      // Next line prevents compiler griping about no return\n      throw std::runtime_error(\"*** IF YOU SEE THIS, PLEASE REPORT A BUG ***\"); \n    }\n    num_params_r__ = 0U;\n    \n    try {\n      num_params_r__ += 2;\n      num_params_r__ += 2;\n      num_params_r__ += N;\n      num_params_r__ += N;\n    } catch (const std::exception& e) {\n      stan::lang::rethrow_located(e, locations_array__[current_statement__]);\n      // Next line prevents compiler griping about no return\n      throw std::runtime_error(\"*** IF YOU SEE THIS, PLEASE REPORT A BUG ***\"); \n    }\n  }\n  template <bool propto__, bool jacobian__, typename VecR, typename VecI, stan::require_vector_like_t<VecR>* = nullptr, stan::require_vector_like_vt<std::is_integral, VecI>* = nullptr>\n  inline stan::scalar_type_t<VecR> log_prob_impl(VecR& params_r__,\n                                                 VecI& params_i__,\n                                                 std::ostream* pstream__ = nullptr) const {\n    using T__ = stan::scalar_type_t<VecR>;\n    using local_scalar_t__ = T__;\n    T__ lp__(0.0);\n    stan::math::accumulator<T__> lp_accum__;\n    static const char* function__ = \"model2ed7fb51a10baa_bandit2arm_delta_main_namespace::log_prob\";\n(void) function__;  // suppress unused var warning\n    stan::io::reader<local_scalar_t__> in__(params_r__, params_i__);\n    local_scalar_t__ DUMMY_VAR__(std::numeric_limits<double>::quiet_NaN());\n    (void) DUMMY_VAR__;  // suppress unused var warning\n    \n    try {\n      Eigen::Matrix<local_scalar_t__, -1, 1> mu_pr;\n      mu_pr = Eigen::Matrix<local_scalar_t__, -1, 1>(2);\n      stan::math::fill(mu_pr, DUMMY_VAR__);\n      \n      current_statement__ = 1;\n      mu_pr = in__.vector(2);\n      Eigen::Matrix<local_scalar_t__, -1, 1> sigma;\n      sigma = Eigen::Matrix<local_scalar_t__, -1, 1>(2);\n      stan::math::fill(sigma, DUMMY_VAR__);\n      \n      current_statement__ = 2;\n      sigma = in__.vector(2);\n      current_statement__ = 2;\n      for (int sym1__ = 1; sym1__ <= 2; ++sym1__) {\n        current_statement__ = 2;\n        if (jacobian__) {\n          current_statement__ = 2;\n          assign(sigma, cons_list(index_uni(sym1__), nil_index_list()),\n            stan::math::lb_constrain(sigma[(sym1__ - 1)], 0, lp__),\n            \"assigning variable sigma\");\n        } else {\n          current_statement__ = 2;\n          assign(sigma, cons_list(index_uni(sym1__), nil_index_list()),\n            stan::math::lb_constrain(sigma[(sym1__ - 1)], 0),\n            \"assigning variable sigma\");\n        }}\n      Eigen::Matrix<local_scalar_t__, -1, 1> A_pr;\n      A_pr = Eigen::Matrix<local_scalar_t__, -1, 1>(N);\n      stan::math::fill(A_pr, DUMMY_VAR__);\n      \n      current_statement__ = 3;\n      A_pr = in__.vector(N);\n      Eigen::Matrix<local_scalar_t__, -1, 1> tau_pr;\n      tau_pr = Eigen::Matrix<local_scalar_t__, -1, 1>(N);\n      stan::math::fill(tau_pr, DUMMY_VAR__);\n      \n      current_statement__ = 4;\n      tau_pr = in__.vector(N);\n      Eigen::Matrix<local_scalar_t__, -1, 1> A;\n      A = Eigen::Matrix<local_scalar_t__, -1, 1>(N);\n      stan::math::fill(A, DUMMY_VAR__);\n      \n      Eigen::Matrix<local_scalar_t__, -1, 1> tau;\n      tau = Eigen::Matrix<local_scalar_t__, -1, 1>(N);\n      stan::math::fill(tau, DUMMY_VAR__);\n      \n      current_statement__ = 10;\n      for (int i = 1; i <= N; ++i) {\n        current_statement__ = 7;\n        assign(A, cons_list(index_uni(i), nil_index_list()),\n          Phi_approx((mu_pr[(1 - 1)] + (sigma[(1 - 1)] * A_pr[(i - 1)]))),\n          \"assigning variable A\");\n        current_statement__ = 8;\n        assign(tau, cons_list(index_uni(i), nil_index_list()),\n          (Phi_approx((mu_pr[(2 - 1)] + (sigma[(2 - 1)] * tau_pr[(i - 1)])))\n            * 100), \"assigning variable tau\");}\n      current_statement__ = 5;\n      for (int sym1__ = 1; sym1__ <= N; ++sym1__) {\n        current_statement__ = 5;\n        current_statement__ = 5;\n        check_greater_or_equal(function__, \"A[sym1__]\", A[(sym1__ - 1)], 0);}\n      current_statement__ = 5;\n      for (int sym1__ = 1; sym1__ <= N; ++sym1__) {\n        current_statement__ = 5;\n        current_statement__ = 5;\n        check_less_or_equal(function__, \"A[sym1__]\", A[(sym1__ - 1)], 1);}\n      current_statement__ = 6;\n      for (int sym1__ = 1; sym1__ <= N; ++sym1__) {\n        current_statement__ = 6;\n        current_statement__ = 6;\n        check_greater_or_equal(function__, \"tau[sym1__]\", tau[(sym1__ - 1)],\n                               0);}\n      current_statement__ = 6;\n      for (int sym1__ = 1; sym1__ <= N; ++sym1__) {\n        current_statement__ = 6;\n        current_statement__ = 6;\n        check_less_or_equal(function__, \"tau[sym1__]\", tau[(sym1__ - 1)], 100);\n      }\n      {\n        current_statement__ = 68;\n        lp_accum__.add(normal_lpdf<propto__>(mu_pr, 0, 1));\n        current_statement__ = 69;\n        lp_accum__.add(cauchy_lpdf<propto__>(sigma, 0, 2));\n        current_statement__ = 70;\n        lp_accum__.add(normal_lpdf<propto__>(A_pr, 0, 1));\n        current_statement__ = 71;\n        lp_accum__.add(normal_lpdf<propto__>(tau_pr, 0, 1));\n        current_statement__ = 83;\n        if (logical_eq(run_estimation, 1)) {\n          current_statement__ = 81;\n          for (int i = 1; i <= N; ++i) {\n            Eigen::Matrix<local_scalar_t__, -1, 1> ev;\n            ev = Eigen::Matrix<local_scalar_t__, -1, 1>(2);\n            stan::math::fill(ev, DUMMY_VAR__);\n            \n            local_scalar_t__ PE;\n            PE = DUMMY_VAR__;\n            \n            current_statement__ = 74;\n            assign(ev, nil_index_list(), initV, \"assigning variable ev\");\n            current_statement__ = 79;\n            for (int t = 1; t <= Tsubj[(i - 1)]; ++t) {\n              current_statement__ = 75;\n              lp_accum__.add(\n                bernoulli_logit_lpmf<propto__>(choice[(i - 1)][(t - 1)],\n                  (tau[(i - 1)] * (ev[(2 - 1)] - ev[(1 - 1)]))));\n              current_statement__ = 76;\n              PE = (outcome[(i - 1)][(t - 1)] -\n                     ev[((choice[(i - 1)][(t - 1)] + 1) - 1)]);\n              current_statement__ = 77;\n              assign(ev,\n                cons_list(index_uni((choice[(i - 1)][(t - 1)] + 1)),\n                  nil_index_list()),\n                (ev[((choice[(i - 1)][(t - 1)] + 1) - 1)] +\n                  (A[(i - 1)] * PE)), \"assigning variable ev\");}}\n        } \n      }\n    } catch (const std::exception& e) {\n      stan::lang::rethrow_located(e, locations_array__[current_statement__]);\n      // Next line prevents compiler griping about no return\n      throw std::runtime_error(\"*** IF YOU SEE THIS, PLEASE REPORT A BUG ***\"); \n    }\n    lp_accum__.add(lp__);\n    return lp_accum__.sum();\n    } // log_prob_impl() \n    \n  template <typename RNG, typename VecR, typename VecI, typename VecVar, stan::require_vector_like_vt<std::is_floating_point, VecR>* = nullptr, stan::require_vector_like_vt<std::is_integral, VecI>* = nullptr, stan::require_std_vector_vt<std::is_floating_point, VecVar>* = nullptr>\n  inline void write_array_impl(RNG& base_rng__, VecR& params_r__,\n                               VecI& params_i__, VecVar& vars__,\n                               const bool emit_transformed_parameters__ = true,\n                               const bool emit_generated_quantities__ = true,\n                               std::ostream* pstream__ = nullptr) const {\n    using local_scalar_t__ = double;\n    vars__.resize(0);\n    stan::io::reader<local_scalar_t__> in__(params_r__, params_i__);\n    static const char* function__ = \"model2ed7fb51a10baa_bandit2arm_delta_main_namespace::write_array\";\n(void) function__;  // suppress unused var warning\n    (void) function__;  // suppress unused var warning\n    double lp__ = 0.0;\n    (void) lp__;  // dummy to suppress unused var warning\n    stan::math::accumulator<double> lp_accum__;\n    local_scalar_t__ DUMMY_VAR__(std::numeric_limits<double>::quiet_NaN());\n    (void) DUMMY_VAR__;  // suppress unused var warning\n    \n    try {\n      Eigen::Matrix<double, -1, 1> mu_pr;\n      mu_pr = Eigen::Matrix<double, -1, 1>(2);\n      stan::math::fill(mu_pr, std::numeric_limits<double>::quiet_NaN());\n      \n      current_statement__ = 1;\n      mu_pr = in__.vector(2);\n      Eigen::Matrix<double, -1, 1> sigma;\n      sigma = Eigen::Matrix<double, -1, 1>(2);\n      stan::math::fill(sigma, std::numeric_limits<double>::quiet_NaN());\n      \n      current_statement__ = 2;\n      sigma = in__.vector(2);\n      current_statement__ = 2;\n      for (int sym1__ = 1; sym1__ <= 2; ++sym1__) {\n        current_statement__ = 2;\n        assign(sigma, cons_list(index_uni(sym1__), nil_index_list()),\n          stan::math::lb_constrain(sigma[(sym1__ - 1)], 0),\n          \"assigning variable sigma\");}\n      Eigen::Matrix<double, -1, 1> A_pr;\n      A_pr = Eigen::Matrix<double, -1, 1>(N);\n      stan::math::fill(A_pr, std::numeric_limits<double>::quiet_NaN());\n      \n      current_statement__ = 3;\n      A_pr = in__.vector(N);\n      Eigen::Matrix<double, -1, 1> tau_pr;\n      tau_pr = Eigen::Matrix<double, -1, 1>(N);\n      stan::math::fill(tau_pr, std::numeric_limits<double>::quiet_NaN());\n      \n      current_statement__ = 4;\n      tau_pr = in__.vector(N);\n      Eigen::Matrix<double, -1, 1> A;\n      A = Eigen::Matrix<double, -1, 1>(N);\n      stan::math::fill(A, std::numeric_limits<double>::quiet_NaN());\n      \n      Eigen::Matrix<double, -1, 1> tau;\n      tau = Eigen::Matrix<double, -1, 1>(N);\n      stan::math::fill(tau, std::numeric_limits<double>::quiet_NaN());\n      \n      for (int sym1__ = 1; sym1__ <= 2; ++sym1__) {\n        vars__.emplace_back(mu_pr[(sym1__ - 1)]);}\n      for (int sym1__ = 1; sym1__ <= 2; ++sym1__) {\n        vars__.emplace_back(sigma[(sym1__ - 1)]);}\n      for (int sym1__ = 1; sym1__ <= N; ++sym1__) {\n        vars__.emplace_back(A_pr[(sym1__ - 1)]);}\n      for (int sym1__ = 1; sym1__ <= N; ++sym1__) {\n        vars__.emplace_back(tau_pr[(sym1__ - 1)]);}\n      if (logical_negation((primitive_value(emit_transformed_parameters__) ||\n            primitive_value(emit_generated_quantities__)))) {\n        return ;\n      } \n      current_statement__ = 10;\n      for (int i = 1; i <= N; ++i) {\n        current_statement__ = 7;\n        assign(A, cons_list(index_uni(i), nil_index_list()),\n          Phi_approx((mu_pr[(1 - 1)] + (sigma[(1 - 1)] * A_pr[(i - 1)]))),\n          \"assigning variable A\");\n        current_statement__ = 8;\n        assign(tau, cons_list(index_uni(i), nil_index_list()),\n          (Phi_approx((mu_pr[(2 - 1)] + (sigma[(2 - 1)] * tau_pr[(i - 1)])))\n            * 100), \"assigning variable tau\");}\n      current_statement__ = 5;\n      for (int sym1__ = 1; sym1__ <= N; ++sym1__) {\n        current_statement__ = 5;\n        current_statement__ = 5;\n        check_greater_or_equal(function__, \"A[sym1__]\", A[(sym1__ - 1)], 0);}\n      current_statement__ = 5;\n      for (int sym1__ = 1; sym1__ <= N; ++sym1__) {\n        current_statement__ = 5;\n        current_statement__ = 5;\n        check_less_or_equal(function__, \"A[sym1__]\", A[(sym1__ - 1)], 1);}\n      current_statement__ = 6;\n      for (int sym1__ = 1; sym1__ <= N; ++sym1__) {\n        current_statement__ = 6;\n        current_statement__ = 6;\n        check_greater_or_equal(function__, \"tau[sym1__]\", tau[(sym1__ - 1)],\n                               0);}\n      current_statement__ = 6;\n      for (int sym1__ = 1; sym1__ <= N; ++sym1__) {\n        current_statement__ = 6;\n        current_statement__ = 6;\n        check_less_or_equal(function__, \"tau[sym1__]\", tau[(sym1__ - 1)], 100);\n      }\n      if (emit_transformed_parameters__) {\n        for (int sym1__ = 1; sym1__ <= N; ++sym1__) {\n          vars__.emplace_back(A[(sym1__ - 1)]);}\n        for (int sym1__ = 1; sym1__ <= N; ++sym1__) {\n          vars__.emplace_back(tau[(sym1__ - 1)]);}\n      } \n      if (logical_negation(emit_generated_quantities__)) {\n        return ;\n      } \n      double mu_A;\n      mu_A = std::numeric_limits<double>::quiet_NaN();\n      \n      double mu_tau;\n      mu_tau = std::numeric_limits<double>::quiet_NaN();\n      \n      std::vector<std::vector<double>> log_lik;\n      log_lik = std::vector<std::vector<double>>(N, std::vector<double>(MT, std::numeric_limits<double>::quiet_NaN()));\n      \n      std::vector<double> log_lik_s;\n      log_lik_s = std::vector<double>(N, std::numeric_limits<double>::quiet_NaN());\n      \n      std::vector<std::vector<double>> softmax_ev_chosen;\n      softmax_ev_chosen = std::vector<std::vector<double>>(N, std::vector<double>(MT, std::numeric_limits<double>::quiet_NaN()));\n      \n      std::vector<std::vector<int>> y_pred;\n      y_pred = std::vector<std::vector<int>>(N, std::vector<int>(MT, std::numeric_limits<int>::min()));\n      \n      std::vector<std::vector<double>> PE_pred;\n      PE_pred = std::vector<std::vector<double>>(N, std::vector<double>(MT, std::numeric_limits<double>::quiet_NaN()));\n      \n      std::vector<std::vector<std::vector<double>>> ev_pred;\n      ev_pred = std::vector<std::vector<std::vector<double>>>(N, std::vector<std::vector<double>>(MT, std::vector<double>(2, std::numeric_limits<double>::quiet_NaN())));\n      \n      std::vector<std::vector<double>> ev_chosen_pred;\n      ev_chosen_pred = std::vector<std::vector<double>>(N, std::vector<double>(MT, std::numeric_limits<double>::quiet_NaN()));\n      \n      current_statement__ = 32;\n      for (int i = 1; i <= N; ++i) {\n        current_statement__ = 20;\n        assign(log_lik_s, cons_list(index_uni(i), nil_index_list()), \n          -999, \"assigning variable log_lik_s\");\n        current_statement__ = 30;\n        for (int t = 1; t <= MT; ++t) {\n          current_statement__ = 21;\n          assign(y_pred,\n            cons_list(index_uni(i),\n              cons_list(index_uni(t), nil_index_list())), -999,\n            \"assigning variable y_pred\");\n          current_statement__ = 22;\n          assign(PE_pred,\n            cons_list(index_uni(i),\n              cons_list(index_uni(t), nil_index_list())), -999,\n            \"assigning variable PE_pred\");\n          current_statement__ = 23;\n          assign(ev_chosen_pred,\n            cons_list(index_uni(i),\n              cons_list(index_uni(t), nil_index_list())), -999,\n            \"assigning variable ev_chosen_pred\");\n          current_statement__ = 24;\n          assign(softmax_ev_chosen,\n            cons_list(index_uni(i),\n              cons_list(index_uni(t), nil_index_list())), -999,\n            \"assigning variable softmax_ev_chosen\");\n          current_statement__ = 25;\n          assign(log_lik,\n            cons_list(index_uni(i),\n              cons_list(index_uni(t), nil_index_list())), -999,\n            \"assigning variable log_lik\");\n          current_statement__ = 28;\n          for (int c = 1; c <= 2; ++c) {\n            current_statement__ = 26;\n            assign(ev_pred,\n              cons_list(index_uni(i),\n                cons_list(index_uni(t),\n                  cons_list(index_uni(c), nil_index_list()))), -999,\n              \"assigning variable ev_pred\");}}}\n      current_statement__ = 33;\n      mu_A = Phi_approx(mu_pr[(1 - 1)]);\n      current_statement__ = 34;\n      mu_tau = (Phi_approx(mu_pr[(2 - 1)]) * 100);\n      {\n        current_statement__ = 66;\n        for (int i = 1; i <= N; ++i) {\n          Eigen::Matrix<double, -1, 1> ev;\n          ev = Eigen::Matrix<double, -1, 1>(2);\n          stan::math::fill(ev, std::numeric_limits<double>::quiet_NaN());\n          \n          double PE;\n          PE = std::numeric_limits<double>::quiet_NaN();\n          \n          Eigen::Matrix<double, -1, 1> softmax_ev;\n          softmax_ev = Eigen::Matrix<double, -1, 1>(2);\n          stan::math::fill(softmax_ev, std::numeric_limits<double>::quiet_NaN());\n          \n          current_statement__ = 38;\n          assign(ev, nil_index_list(), initV, \"assigning variable ev\");\n          current_statement__ = 39;\n          assign(log_lik_s, cons_list(index_uni(i), nil_index_list()), 0,\n            \"assigning variable log_lik_s\");\n          current_statement__ = 64;\n          for (int t = 1; t <= Tsubj[(i - 1)]; ++t) {\n            current_statement__ = 40;\n            assign(y_pred,\n              cons_list(index_uni(i),\n                cons_list(index_uni(t), nil_index_list())),\n              bernoulli_logit_rng(\n                (tau[(i - 1)] * (ev[(2 - 1)] - ev[(1 - 1)])), base_rng__),\n              \"assigning variable y_pred\");\n            current_statement__ = 52;\n            if (logical_eq(run_estimation, 1)) {\n              current_statement__ = 41;\n              assign(log_lik,\n                cons_list(index_uni(i),\n                  cons_list(index_uni(t), nil_index_list())),\n                bernoulli_logit_lpmf<false>(choice[(i - 1)][(t - 1)],\n                  (tau[(i - 1)] * (ev[(2 - 1)] - ev[(1 - 1)]))),\n                \"assigning variable log_lik\");\n              current_statement__ = 42;\n              assign(log_lik_s, cons_list(index_uni(i), nil_index_list()),\n                (log_lik_s[(i - 1)] +\n                  bernoulli_logit_lpmf<false>(choice[(i - 1)][(t - 1)],\n                    (tau[(i - 1)] * (ev[(2 - 1)] - ev[(1 - 1)])))),\n                \"assigning variable log_lik_s\");\n              current_statement__ = 43;\n              assign(softmax_ev, nil_index_list(),\n                softmax(multiply(tau[(i - 1)], ev)),\n                \"assigning variable softmax_ev\");\n              current_statement__ = 44;\n              assign(softmax_ev_chosen,\n                cons_list(index_uni(i),\n                  cons_list(index_uni(t), nil_index_list())),\n                softmax_ev[((choice[(i - 1)][(t - 1)] + 1) - 1)],\n                \"assigning variable softmax_ev_chosen\");\n              current_statement__ = 45;\n              PE = (outcome[(i - 1)][(t - 1)] -\n                     ev[((choice[(i - 1)][(t - 1)] + 1) - 1)]);\n              current_statement__ = 46;\n              assign(PE_pred,\n                cons_list(index_uni(i),\n                  cons_list(index_uni(t), nil_index_list())), PE,\n                \"assigning variable PE_pred\");\n              current_statement__ = 47;\n              assign(ev,\n                cons_list(index_uni((choice[(i - 1)][(t - 1)] + 1)),\n                  nil_index_list()),\n                (ev[((choice[(i - 1)][(t - 1)] + 1) - 1)] +\n                  (A[(i - 1)] * PE)), \"assigning variable ev\");\n              current_statement__ = 48;\n              assign(ev_pred,\n                cons_list(index_uni(i),\n                  cons_list(index_uni(t),\n                    cons_list(index_uni(1), nil_index_list()))), ev[(1 - 1)],\n                \"assigning variable ev_pred\");\n              current_statement__ = 49;\n              assign(ev_pred,\n                cons_list(index_uni(i),\n                  cons_list(index_uni(t),\n                    cons_list(index_uni(2), nil_index_list()))), ev[(2 - 1)],\n                \"assigning variable ev_pred\");\n              current_statement__ = 50;\n              assign(ev_chosen_pred,\n                cons_list(index_uni(i),\n                  cons_list(index_uni(t), nil_index_list())),\n                ev[((choice[(i - 1)][(t - 1)] + 1) - 1)],\n                \"assigning variable ev_chosen_pred\");\n            } \n            current_statement__ = 62;\n            if (logical_eq(run_estimation, 0)) {\n              current_statement__ = 53;\n              assign(log_lik,\n                cons_list(index_uni(i),\n                  cons_list(index_uni(t), nil_index_list())),\n                bernoulli_logit_lpmf<false>(y_pred[(i - 1)][(t - 1)],\n                  (tau[(i - 1)] * (ev[(2 - 1)] - ev[(1 - 1)]))),\n                \"assigning variable log_lik\");\n              current_statement__ = 54;\n              assign(log_lik_s, cons_list(index_uni(i), nil_index_list()),\n                (log_lik_s[(i - 1)] +\n                  bernoulli_logit_lpmf<false>(y_pred[(i - 1)][(t - 1)],\n                    (tau[(i - 1)] * (ev[(2 - 1)] - ev[(1 - 1)])))),\n                \"assigning variable log_lik_s\");\n              current_statement__ = 55;\n              PE = (outcome[(i - 1)][(t - 1)] -\n                     ev[((y_pred[(i - 1)][(t - 1)] + 1) - 1)]);\n              current_statement__ = 56;\n              assign(PE_pred,\n                cons_list(index_uni(i),\n                  cons_list(index_uni(t), nil_index_list())), PE,\n                \"assigning variable PE_pred\");\n              current_statement__ = 57;\n              assign(ev,\n                cons_list(index_uni((y_pred[(i - 1)][(t - 1)] + 1)),\n                  nil_index_list()),\n                (ev[((y_pred[(i - 1)][(t - 1)] + 1) - 1)] +\n                  (A[(i - 1)] * PE)), \"assigning variable ev\");\n              current_statement__ = 58;\n              assign(ev_pred,\n                cons_list(index_uni(i),\n                  cons_list(index_uni(t),\n                    cons_list(index_uni(1), nil_index_list()))), ev[(1 - 1)],\n                \"assigning variable ev_pred\");\n              current_statement__ = 59;\n              assign(ev_pred,\n                cons_list(index_uni(i),\n                  cons_list(index_uni(t),\n                    cons_list(index_uni(2), nil_index_list()))), ev[(2 - 1)],\n                \"assigning variable ev_pred\");\n              current_statement__ = 60;\n              assign(ev_chosen_pred,\n                cons_list(index_uni(i),\n                  cons_list(index_uni(t), nil_index_list())),\n                ev[((y_pred[(i - 1)][(t - 1)] + 1) - 1)],\n                \"assigning variable ev_chosen_pred\");\n            } }}\n      }\n      current_statement__ = 11;\n      current_statement__ = 11;\n      check_greater_or_equal(function__, \"mu_A\", mu_A, 0);\n      current_statement__ = 11;\n      current_statement__ = 11;\n      check_less_or_equal(function__, \"mu_A\", mu_A, 1);\n      current_statement__ = 12;\n      current_statement__ = 12;\n      check_greater_or_equal(function__, \"mu_tau\", mu_tau, 0);\n      current_statement__ = 12;\n      current_statement__ = 12;\n      check_less_or_equal(function__, \"mu_tau\", mu_tau, 100);\n      vars__.emplace_back(mu_A);\n      vars__.emplace_back(mu_tau);\n      for (int sym1__ = 1; sym1__ <= MT; ++sym1__) {\n        for (int sym2__ = 1; sym2__ <= N; ++sym2__) {\n          vars__.emplace_back(log_lik[(sym2__ - 1)][(sym1__ - 1)]);}}\n      for (int sym1__ = 1; sym1__ <= N; ++sym1__) {\n        vars__.emplace_back(log_lik_s[(sym1__ - 1)]);}\n      for (int sym1__ = 1; sym1__ <= MT; ++sym1__) {\n        for (int sym2__ = 1; sym2__ <= N; ++sym2__) {\n          vars__.emplace_back(softmax_ev_chosen[(sym2__ - 1)][(sym1__ - 1)]);\n        }}\n      for (int sym1__ = 1; sym1__ <= MT; ++sym1__) {\n        for (int sym2__ = 1; sym2__ <= N; ++sym2__) {\n          vars__.emplace_back(y_pred[(sym2__ - 1)][(sym1__ - 1)]);}}\n      for (int sym1__ = 1; sym1__ <= MT; ++sym1__) {\n        for (int sym2__ = 1; sym2__ <= N; ++sym2__) {\n          vars__.emplace_back(PE_pred[(sym2__ - 1)][(sym1__ - 1)]);}}\n      for (int sym1__ = 1; sym1__ <= 2; ++sym1__) {\n        for (int sym2__ = 1; sym2__ <= MT; ++sym2__) {\n          for (int sym3__ = 1; sym3__ <= N; ++sym3__) {\n            vars__.emplace_back(\n              ev_pred[(sym3__ - 1)][(sym2__ - 1)][(sym1__ - 1)]);}}}\n      for (int sym1__ = 1; sym1__ <= MT; ++sym1__) {\n        for (int sym2__ = 1; sym2__ <= N; ++sym2__) {\n          vars__.emplace_back(ev_chosen_pred[(sym2__ - 1)][(sym1__ - 1)]);}}\n    } catch (const std::exception& e) {\n      stan::lang::rethrow_located(e, locations_array__[current_statement__]);\n      // Next line prevents compiler griping about no return\n      throw std::runtime_error(\"*** IF YOU SEE THIS, PLEASE REPORT A BUG ***\"); \n    }\n    } // write_array_impl() \n    \n  template <typename VecVar, typename VecI, stan::require_std_vector_t<VecVar>* = nullptr, stan::require_vector_like_vt<std::is_integral, VecI>* = nullptr>\n  inline void transform_inits_impl(const stan::io::var_context& context__,\n                                   VecI& params_i__, VecVar& vars__,\n                                   std::ostream* pstream__ = nullptr) const {\n    using local_scalar_t__ = double;\n    vars__.clear();\n    vars__.reserve(num_params_r__);\n    \n    try {\n      int pos__;\n      pos__ = std::numeric_limits<int>::min();\n      \n      pos__ = 1;\n      Eigen::Matrix<double, -1, 1> mu_pr;\n      mu_pr = Eigen::Matrix<double, -1, 1>(2);\n      stan::math::fill(mu_pr, std::numeric_limits<double>::quiet_NaN());\n      \n      {\n        std::vector<local_scalar_t__> mu_pr_flat__;\n        current_statement__ = 1;\n        assign(mu_pr_flat__, nil_index_list(), context__.vals_r(\"mu_pr\"),\n          \"assigning variable mu_pr_flat__\");\n        current_statement__ = 1;\n        pos__ = 1;\n        current_statement__ = 1;\n        for (int sym1__ = 1; sym1__ <= 2; ++sym1__) {\n          current_statement__ = 1;\n          assign(mu_pr, cons_list(index_uni(sym1__), nil_index_list()),\n            mu_pr_flat__[(pos__ - 1)], \"assigning variable mu_pr\");\n          current_statement__ = 1;\n          pos__ = (pos__ + 1);}\n      }\n      Eigen::Matrix<double, -1, 1> sigma;\n      sigma = Eigen::Matrix<double, -1, 1>(2);\n      stan::math::fill(sigma, std::numeric_limits<double>::quiet_NaN());\n      \n      {\n        std::vector<local_scalar_t__> sigma_flat__;\n        current_statement__ = 2;\n        assign(sigma_flat__, nil_index_list(), context__.vals_r(\"sigma\"),\n          \"assigning variable sigma_flat__\");\n        current_statement__ = 2;\n        pos__ = 1;\n        current_statement__ = 2;\n        for (int sym1__ = 1; sym1__ <= 2; ++sym1__) {\n          current_statement__ = 2;\n          assign(sigma, cons_list(index_uni(sym1__), nil_index_list()),\n            sigma_flat__[(pos__ - 1)], \"assigning variable sigma\");\n          current_statement__ = 2;\n          pos__ = (pos__ + 1);}\n      }\n      Eigen::Matrix<double, -1, 1> sigma_free__;\n      sigma_free__ = Eigen::Matrix<double, -1, 1>(2);\n      stan::math::fill(sigma_free__, std::numeric_limits<double>::quiet_NaN());\n      \n      current_statement__ = 2;\n      for (int sym1__ = 1; sym1__ <= 2; ++sym1__) {\n        current_statement__ = 2;\n        assign(sigma_free__, cons_list(index_uni(sym1__), nil_index_list()),\n          stan::math::lb_free(sigma[(sym1__ - 1)], 0),\n          \"assigning variable sigma_free__\");}\n      Eigen::Matrix<double, -1, 1> A_pr;\n      A_pr = Eigen::Matrix<double, -1, 1>(N);\n      stan::math::fill(A_pr, std::numeric_limits<double>::quiet_NaN());\n      \n      {\n        std::vector<local_scalar_t__> A_pr_flat__;\n        current_statement__ = 3;\n        assign(A_pr_flat__, nil_index_list(), context__.vals_r(\"A_pr\"),\n          \"assigning variable A_pr_flat__\");\n        current_statement__ = 3;\n        pos__ = 1;\n        current_statement__ = 3;\n        for (int sym1__ = 1; sym1__ <= N; ++sym1__) {\n          current_statement__ = 3;\n          assign(A_pr, cons_list(index_uni(sym1__), nil_index_list()),\n            A_pr_flat__[(pos__ - 1)], \"assigning variable A_pr\");\n          current_statement__ = 3;\n          pos__ = (pos__ + 1);}\n      }\n      Eigen::Matrix<double, -1, 1> tau_pr;\n      tau_pr = Eigen::Matrix<double, -1, 1>(N);\n      stan::math::fill(tau_pr, std::numeric_limits<double>::quiet_NaN());\n      \n      {\n        std::vector<local_scalar_t__> tau_pr_flat__;\n        current_statement__ = 4;\n        assign(tau_pr_flat__, nil_index_list(), context__.vals_r(\"tau_pr\"),\n          \"assigning variable tau_pr_flat__\");\n        current_statement__ = 4;\n        pos__ = 1;\n        current_statement__ = 4;\n        for (int sym1__ = 1; sym1__ <= N; ++sym1__) {\n          current_statement__ = 4;\n          assign(tau_pr, cons_list(index_uni(sym1__), nil_index_list()),\n            tau_pr_flat__[(pos__ - 1)], \"assigning variable tau_pr\");\n          current_statement__ = 4;\n          pos__ = (pos__ + 1);}\n      }\n      for (int sym1__ = 1; sym1__ <= 2; ++sym1__) {\n        vars__.emplace_back(mu_pr[(sym1__ - 1)]);}\n      for (int sym1__ = 1; sym1__ <= 2; ++sym1__) {\n        vars__.emplace_back(sigma_free__[(sym1__ - 1)]);}\n      for (int sym1__ = 1; sym1__ <= N; ++sym1__) {\n        vars__.emplace_back(A_pr[(sym1__ - 1)]);}\n      for (int sym1__ = 1; sym1__ <= N; ++sym1__) {\n        vars__.emplace_back(tau_pr[(sym1__ - 1)]);}\n    } catch (const std::exception& e) {\n      stan::lang::rethrow_located(e, locations_array__[current_statement__]);\n      // Next line prevents compiler griping about no return\n      throw std::runtime_error(\"*** IF YOU SEE THIS, PLEASE REPORT A BUG ***\"); \n    }\n    } // transform_inits_impl() \n    \n  inline void get_param_names(std::vector<std::string>& names__) const {\n    \n    names__.clear();\n    names__.emplace_back(\"mu_pr\");\n    names__.emplace_back(\"sigma\");\n    names__.emplace_back(\"A_pr\");\n    names__.emplace_back(\"tau_pr\");\n    names__.emplace_back(\"A\");\n    names__.emplace_back(\"tau\");\n    names__.emplace_back(\"mu_A\");\n    names__.emplace_back(\"mu_tau\");\n    names__.emplace_back(\"log_lik\");\n    names__.emplace_back(\"log_lik_s\");\n    names__.emplace_back(\"softmax_ev_chosen\");\n    names__.emplace_back(\"y_pred\");\n    names__.emplace_back(\"PE_pred\");\n    names__.emplace_back(\"ev_pred\");\n    names__.emplace_back(\"ev_chosen_pred\");\n    } // get_param_names() \n    \n  inline void get_dims(std::vector<std::vector<size_t>>& dimss__) const {\n    dimss__.clear();\n    dimss__.emplace_back(std::vector<size_t>{static_cast<size_t>(2)});\n    \n    dimss__.emplace_back(std::vector<size_t>{static_cast<size_t>(2)});\n    \n    dimss__.emplace_back(std::vector<size_t>{static_cast<size_t>(N)});\n    \n    dimss__.emplace_back(std::vector<size_t>{static_cast<size_t>(N)});\n    \n    dimss__.emplace_back(std::vector<size_t>{static_cast<size_t>(N)});\n    \n    dimss__.emplace_back(std::vector<size_t>{static_cast<size_t>(N)});\n    \n    dimss__.emplace_back(std::vector<size_t>{});\n    \n    dimss__.emplace_back(std::vector<size_t>{});\n    \n    dimss__.emplace_back(std::vector<size_t>{static_cast<size_t>(N),\n                                             static_cast<size_t>(MT)});\n    \n    dimss__.emplace_back(std::vector<size_t>{static_cast<size_t>(N)});\n    \n    dimss__.emplace_back(std::vector<size_t>{static_cast<size_t>(N),\n                                             static_cast<size_t>(MT)});\n    \n    dimss__.emplace_back(std::vector<size_t>{static_cast<size_t>(N),\n                                             static_cast<size_t>(MT)});\n    \n    dimss__.emplace_back(std::vector<size_t>{static_cast<size_t>(N),\n                                             static_cast<size_t>(MT)});\n    \n    dimss__.emplace_back(std::vector<size_t>{static_cast<size_t>(N),\n                                             static_cast<size_t>(MT),\n                                             static_cast<size_t>(2)});\n    \n    dimss__.emplace_back(std::vector<size_t>{static_cast<size_t>(N),\n                                             static_cast<size_t>(MT)});\n    \n    } // get_dims() \n    \n  inline void constrained_param_names(\n                                      std::vector<std::string>& param_names__,\n                                      bool emit_transformed_parameters__ = true,\n                                      bool emit_generated_quantities__ = true) const\n    final {\n    \n    for (int sym1__ = 1; sym1__ <= 2; ++sym1__) {\n      {\n        param_names__.emplace_back(std::string() + \"mu_pr\" + '.' + std::to_string(sym1__));\n      }}\n    for (int sym1__ = 1; sym1__ <= 2; ++sym1__) {\n      {\n        param_names__.emplace_back(std::string() + \"sigma\" + '.' + std::to_string(sym1__));\n      }}\n    for (int sym1__ = 1; sym1__ <= N; ++sym1__) {\n      {\n        param_names__.emplace_back(std::string() + \"A_pr\" + '.' + std::to_string(sym1__));\n      }}\n    for (int sym1__ = 1; sym1__ <= N; ++sym1__) {\n      {\n        param_names__.emplace_back(std::string() + \"tau_pr\" + '.' + std::to_string(sym1__));\n      }}\n    if (emit_transformed_parameters__) {\n      for (int sym1__ = 1; sym1__ <= N; ++sym1__) {\n        {\n          param_names__.emplace_back(std::string() + \"A\" + '.' + std::to_string(sym1__));\n        }}\n      for (int sym1__ = 1; sym1__ <= N; ++sym1__) {\n        {\n          param_names__.emplace_back(std::string() + \"tau\" + '.' + std::to_string(sym1__));\n        }}\n    }\n    \n    if (emit_generated_quantities__) {\n      param_names__.emplace_back(std::string() + \"mu_A\");\n      param_names__.emplace_back(std::string() + \"mu_tau\");\n      for (int sym1__ = 1; sym1__ <= MT; ++sym1__) {\n        {\n          for (int sym2__ = 1; sym2__ <= N; ++sym2__) {\n            {\n              param_names__.emplace_back(std::string() + \"log_lik\" + '.' + std::to_string(sym2__) + '.' + std::to_string(sym1__));\n            }}\n        }}\n      for (int sym1__ = 1; sym1__ <= N; ++sym1__) {\n        {\n          param_names__.emplace_back(std::string() + \"log_lik_s\" + '.' + std::to_string(sym1__));\n        }}\n      for (int sym1__ = 1; sym1__ <= MT; ++sym1__) {\n        {\n          for (int sym2__ = 1; sym2__ <= N; ++sym2__) {\n            {\n              param_names__.emplace_back(std::string() + \"softmax_ev_chosen\" + '.' + std::to_string(sym2__) + '.' + std::to_string(sym1__));\n            }}\n        }}\n      for (int sym1__ = 1; sym1__ <= MT; ++sym1__) {\n        {\n          for (int sym2__ = 1; sym2__ <= N; ++sym2__) {\n            {\n              param_names__.emplace_back(std::string() + \"y_pred\" + '.' + std::to_string(sym2__) + '.' + std::to_string(sym1__));\n            }}\n        }}\n      for (int sym1__ = 1; sym1__ <= MT; ++sym1__) {\n        {\n          for (int sym2__ = 1; sym2__ <= N; ++sym2__) {\n            {\n              param_names__.emplace_back(std::string() + \"PE_pred\" + '.' + std::to_string(sym2__) + '.' + std::to_string(sym1__));\n            }}\n        }}\n      for (int sym1__ = 1; sym1__ <= 2; ++sym1__) {\n        {\n          for (int sym2__ = 1; sym2__ <= MT; ++sym2__) {\n            {\n              for (int sym3__ = 1; sym3__ <= N; ++sym3__) {\n                {\n                  param_names__.emplace_back(std::string() + \"ev_pred\" + '.' + std::to_string(sym3__) + '.' + std::to_string(sym2__) + '.' + std::to_string(sym1__));\n                }}\n            }}\n        }}\n      for (int sym1__ = 1; sym1__ <= MT; ++sym1__) {\n        {\n          for (int sym2__ = 1; sym2__ <= N; ++sym2__) {\n            {\n              param_names__.emplace_back(std::string() + \"ev_chosen_pred\" + '.' + std::to_string(sym2__) + '.' + std::to_string(sym1__));\n            }}\n        }}\n    }\n    \n    } // constrained_param_names() \n    \n  inline void unconstrained_param_names(\n                                        std::vector<std::string>& param_names__,\n                                        bool emit_transformed_parameters__ = true,\n                                        bool emit_generated_quantities__ = true) const\n    final {\n    \n    for (int sym1__ = 1; sym1__ <= 2; ++sym1__) {\n      {\n        param_names__.emplace_back(std::string() + \"mu_pr\" + '.' + std::to_string(sym1__));\n      }}\n    for (int sym1__ = 1; sym1__ <= 2; ++sym1__) {\n      {\n        param_names__.emplace_back(std::string() + \"sigma\" + '.' + std::to_string(sym1__));\n      }}\n    for (int sym1__ = 1; sym1__ <= N; ++sym1__) {\n      {\n        param_names__.emplace_back(std::string() + \"A_pr\" + '.' + std::to_string(sym1__));\n      }}\n    for (int sym1__ = 1; sym1__ <= N; ++sym1__) {\n      {\n        param_names__.emplace_back(std::string() + \"tau_pr\" + '.' + std::to_string(sym1__));\n      }}\n    if (emit_transformed_parameters__) {\n      for (int sym1__ = 1; sym1__ <= N; ++sym1__) {\n        {\n          param_names__.emplace_back(std::string() + \"A\" + '.' + std::to_string(sym1__));\n        }}\n      for (int sym1__ = 1; sym1__ <= N; ++sym1__) {\n        {\n          param_names__.emplace_back(std::string() + \"tau\" + '.' + std::to_string(sym1__));\n        }}\n    }\n    \n    if (emit_generated_quantities__) {\n      param_names__.emplace_back(std::string() + \"mu_A\");\n      param_names__.emplace_back(std::string() + \"mu_tau\");\n      for (int sym1__ = 1; sym1__ <= MT; ++sym1__) {\n        {\n          for (int sym2__ = 1; sym2__ <= N; ++sym2__) {\n            {\n              param_names__.emplace_back(std::string() + \"log_lik\" + '.' + std::to_string(sym2__) + '.' + std::to_string(sym1__));\n            }}\n        }}\n      for (int sym1__ = 1; sym1__ <= N; ++sym1__) {\n        {\n          param_names__.emplace_back(std::string() + \"log_lik_s\" + '.' + std::to_string(sym1__));\n        }}\n      for (int sym1__ = 1; sym1__ <= MT; ++sym1__) {\n        {\n          for (int sym2__ = 1; sym2__ <= N; ++sym2__) {\n            {\n              param_names__.emplace_back(std::string() + \"softmax_ev_chosen\" + '.' + std::to_string(sym2__) + '.' + std::to_string(sym1__));\n            }}\n        }}\n      for (int sym1__ = 1; sym1__ <= MT; ++sym1__) {\n        {\n          for (int sym2__ = 1; sym2__ <= N; ++sym2__) {\n            {\n              param_names__.emplace_back(std::string() + \"y_pred\" + '.' + std::to_string(sym2__) + '.' + std::to_string(sym1__));\n            }}\n        }}\n      for (int sym1__ = 1; sym1__ <= MT; ++sym1__) {\n        {\n          for (int sym2__ = 1; sym2__ <= N; ++sym2__) {\n            {\n              param_names__.emplace_back(std::string() + \"PE_pred\" + '.' + std::to_string(sym2__) + '.' + std::to_string(sym1__));\n            }}\n        }}\n      for (int sym1__ = 1; sym1__ <= 2; ++sym1__) {\n        {\n          for (int sym2__ = 1; sym2__ <= MT; ++sym2__) {\n            {\n              for (int sym3__ = 1; sym3__ <= N; ++sym3__) {\n                {\n                  param_names__.emplace_back(std::string() + \"ev_pred\" + '.' + std::to_string(sym3__) + '.' + std::to_string(sym2__) + '.' + std::to_string(sym1__));\n                }}\n            }}\n        }}\n      for (int sym1__ = 1; sym1__ <= MT; ++sym1__) {\n        {\n          for (int sym2__ = 1; sym2__ <= N; ++sym2__) {\n            {\n              param_names__.emplace_back(std::string() + \"ev_chosen_pred\" + '.' + std::to_string(sym2__) + '.' + std::to_string(sym1__));\n            }}\n        }}\n    }\n    \n    } // unconstrained_param_names() \n    \n  inline std::string get_constrained_sizedtypes() const {\n    stringstream s__;\n    s__ << \"[{\\\"name\\\":\\\"mu_pr\\\",\\\"type\\\":{\\\"name\\\":\\\"vector\\\",\\\"length\\\":\" << 2 << \"},\\\"block\\\":\\\"parameters\\\"},{\\\"name\\\":\\\"sigma\\\",\\\"type\\\":{\\\"name\\\":\\\"vector\\\",\\\"length\\\":\" << 2 << \"},\\\"block\\\":\\\"parameters\\\"},{\\\"name\\\":\\\"A_pr\\\",\\\"type\\\":{\\\"name\\\":\\\"vector\\\",\\\"length\\\":\" << N << \"},\\\"block\\\":\\\"parameters\\\"},{\\\"name\\\":\\\"tau_pr\\\",\\\"type\\\":{\\\"name\\\":\\\"vector\\\",\\\"length\\\":\" << N << \"},\\\"block\\\":\\\"parameters\\\"},{\\\"name\\\":\\\"A\\\",\\\"type\\\":{\\\"name\\\":\\\"vector\\\",\\\"length\\\":\" << N << \"},\\\"block\\\":\\\"transformed_parameters\\\"},{\\\"name\\\":\\\"tau\\\",\\\"type\\\":{\\\"name\\\":\\\"vector\\\",\\\"length\\\":\" << N << \"},\\\"block\\\":\\\"transformed_parameters\\\"},{\\\"name\\\":\\\"mu_A\\\",\\\"type\\\":{\\\"name\\\":\\\"real\\\"},\\\"block\\\":\\\"generated_quantities\\\"},{\\\"name\\\":\\\"mu_tau\\\",\\\"type\\\":{\\\"name\\\":\\\"real\\\"},\\\"block\\\":\\\"generated_quantities\\\"},{\\\"name\\\":\\\"log_lik\\\",\\\"type\\\":{\\\"name\\\":\\\"array\\\",\\\"length\\\":\" << N << \",\\\"element_type\\\":{\\\"name\\\":\\\"array\\\",\\\"length\\\":\" << MT << \",\\\"element_type\\\":{\\\"name\\\":\\\"real\\\"}}},\\\"block\\\":\\\"generated_quantities\\\"},{\\\"name\\\":\\\"log_lik_s\\\",\\\"type\\\":{\\\"name\\\":\\\"array\\\",\\\"length\\\":\" << N << \",\\\"element_type\\\":{\\\"name\\\":\\\"real\\\"}},\\\"block\\\":\\\"generated_quantities\\\"},{\\\"name\\\":\\\"softmax_ev_chosen\\\",\\\"type\\\":{\\\"name\\\":\\\"array\\\",\\\"length\\\":\" << N << \",\\\"element_type\\\":{\\\"name\\\":\\\"array\\\",\\\"length\\\":\" << MT << \",\\\"element_type\\\":{\\\"name\\\":\\\"real\\\"}}},\\\"block\\\":\\\"generated_quantities\\\"},{\\\"name\\\":\\\"y_pred\\\",\\\"type\\\":{\\\"name\\\":\\\"array\\\",\\\"length\\\":\" << N << \",\\\"element_type\\\":{\\\"name\\\":\\\"array\\\",\\\"length\\\":\" << MT << \",\\\"element_type\\\":{\\\"name\\\":\\\"int\\\"}}},\\\"block\\\":\\\"generated_quantities\\\"},{\\\"name\\\":\\\"PE_pred\\\",\\\"type\\\":{\\\"name\\\":\\\"array\\\",\\\"length\\\":\" << N << \",\\\"element_type\\\":{\\\"name\\\":\\\"array\\\",\\\"length\\\":\" << MT << \",\\\"element_type\\\":{\\\"name\\\":\\\"real\\\"}}},\\\"block\\\":\\\"generated_quantities\\\"},{\\\"name\\\":\\\"ev_pred\\\",\\\"type\\\":{\\\"name\\\":\\\"array\\\",\\\"length\\\":\" << N << \",\\\"element_type\\\":{\\\"name\\\":\\\"array\\\",\\\"length\\\":\" << MT << \",\\\"element_type\\\":{\\\"name\\\":\\\"array\\\",\\\"length\\\":\" << 2 << \",\\\"element_type\\\":{\\\"name\\\":\\\"real\\\"}}}},\\\"block\\\":\\\"generated_quantities\\\"},{\\\"name\\\":\\\"ev_chosen_pred\\\",\\\"type\\\":{\\\"name\\\":\\\"array\\\",\\\"length\\\":\" << N << \",\\\"element_type\\\":{\\\"name\\\":\\\"array\\\",\\\"length\\\":\" << MT << \",\\\"element_type\\\":{\\\"name\\\":\\\"real\\\"}}},\\\"block\\\":\\\"generated_quantities\\\"}]\";\n    return s__.str();\n    } // get_constrained_sizedtypes() \n    \n  inline std::string get_unconstrained_sizedtypes() const {\n    stringstream s__;\n    s__ << \"[{\\\"name\\\":\\\"mu_pr\\\",\\\"type\\\":{\\\"name\\\":\\\"vector\\\",\\\"length\\\":\" << 2 << \"},\\\"block\\\":\\\"parameters\\\"},{\\\"name\\\":\\\"sigma\\\",\\\"type\\\":{\\\"name\\\":\\\"vector\\\",\\\"length\\\":\" << 2 << \"},\\\"block\\\":\\\"parameters\\\"},{\\\"name\\\":\\\"A_pr\\\",\\\"type\\\":{\\\"name\\\":\\\"vector\\\",\\\"length\\\":\" << N << \"},\\\"block\\\":\\\"parameters\\\"},{\\\"name\\\":\\\"tau_pr\\\",\\\"type\\\":{\\\"name\\\":\\\"vector\\\",\\\"length\\\":\" << N << \"},\\\"block\\\":\\\"parameters\\\"},{\\\"name\\\":\\\"A\\\",\\\"type\\\":{\\\"name\\\":\\\"vector\\\",\\\"length\\\":\" << N << \"},\\\"block\\\":\\\"transformed_parameters\\\"},{\\\"name\\\":\\\"tau\\\",\\\"type\\\":{\\\"name\\\":\\\"vector\\\",\\\"length\\\":\" << N << \"},\\\"block\\\":\\\"transformed_parameters\\\"},{\\\"name\\\":\\\"mu_A\\\",\\\"type\\\":{\\\"name\\\":\\\"real\\\"},\\\"block\\\":\\\"generated_quantities\\\"},{\\\"name\\\":\\\"mu_tau\\\",\\\"type\\\":{\\\"name\\\":\\\"real\\\"},\\\"block\\\":\\\"generated_quantities\\\"},{\\\"name\\\":\\\"log_lik\\\",\\\"type\\\":{\\\"name\\\":\\\"array\\\",\\\"length\\\":\" << N << \",\\\"element_type\\\":{\\\"name\\\":\\\"array\\\",\\\"length\\\":\" << MT << \",\\\"element_type\\\":{\\\"name\\\":\\\"real\\\"}}},\\\"block\\\":\\\"generated_quantities\\\"},{\\\"name\\\":\\\"log_lik_s\\\",\\\"type\\\":{\\\"name\\\":\\\"array\\\",\\\"length\\\":\" << N << \",\\\"element_type\\\":{\\\"name\\\":\\\"real\\\"}},\\\"block\\\":\\\"generated_quantities\\\"},{\\\"name\\\":\\\"softmax_ev_chosen\\\",\\\"type\\\":{\\\"name\\\":\\\"array\\\",\\\"length\\\":\" << N << \",\\\"element_type\\\":{\\\"name\\\":\\\"array\\\",\\\"length\\\":\" << MT << \",\\\"element_type\\\":{\\\"name\\\":\\\"real\\\"}}},\\\"block\\\":\\\"generated_quantities\\\"},{\\\"name\\\":\\\"y_pred\\\",\\\"type\\\":{\\\"name\\\":\\\"array\\\",\\\"length\\\":\" << N << \",\\\"element_type\\\":{\\\"name\\\":\\\"array\\\",\\\"length\\\":\" << MT << \",\\\"element_type\\\":{\\\"name\\\":\\\"int\\\"}}},\\\"block\\\":\\\"generated_quantities\\\"},{\\\"name\\\":\\\"PE_pred\\\",\\\"type\\\":{\\\"name\\\":\\\"array\\\",\\\"length\\\":\" << N << \",\\\"element_type\\\":{\\\"name\\\":\\\"array\\\",\\\"length\\\":\" << MT << \",\\\"element_type\\\":{\\\"name\\\":\\\"real\\\"}}},\\\"block\\\":\\\"generated_quantities\\\"},{\\\"name\\\":\\\"ev_pred\\\",\\\"type\\\":{\\\"name\\\":\\\"array\\\",\\\"length\\\":\" << N << \",\\\"element_type\\\":{\\\"name\\\":\\\"array\\\",\\\"length\\\":\" << MT << \",\\\"element_type\\\":{\\\"name\\\":\\\"array\\\",\\\"length\\\":\" << 2 << \",\\\"element_type\\\":{\\\"name\\\":\\\"real\\\"}}}},\\\"block\\\":\\\"generated_quantities\\\"},{\\\"name\\\":\\\"ev_chosen_pred\\\",\\\"type\\\":{\\\"name\\\":\\\"array\\\",\\\"length\\\":\" << N << \",\\\"element_type\\\":{\\\"name\\\":\\\"array\\\",\\\"length\\\":\" << MT << \",\\\"element_type\\\":{\\\"name\\\":\\\"real\\\"}}},\\\"block\\\":\\\"generated_quantities\\\"}]\";\n    return s__.str();\n    } // get_unconstrained_sizedtypes() \n    \n  \n    // Begin method overload boilerplate\n    template <typename RNG>\n    inline void write_array(RNG& base_rng,\n                            Eigen::Matrix<double,Eigen::Dynamic,1>& params_r,\n                            Eigen::Matrix<double,Eigen::Dynamic,1>& vars,\n                            const bool emit_transformed_parameters = true,\n                            const bool emit_generated_quantities = true,\n                            std::ostream* pstream = nullptr) const {\n      std::vector<double> vars_vec(vars.size());\n      std::vector<int> params_i;\n      write_array_impl(base_rng, params_r, params_i, vars_vec,\n          emit_transformed_parameters, emit_generated_quantities, pstream);\n      vars.resize(vars_vec.size());\n      for (int i = 0; i < vars.size(); ++i) {\n        vars.coeffRef(i) = vars_vec[i];\n      }\n    }\n    template <typename RNG>\n    inline void write_array(RNG& base_rng, std::vector<double>& params_r,\n                            std::vector<int>& params_i,\n                            std::vector<double>& vars,\n                            bool emit_transformed_parameters = true,\n                            bool emit_generated_quantities = true,\n                            std::ostream* pstream = nullptr) const {\n      write_array_impl(base_rng, params_r, params_i, vars, emit_transformed_parameters, emit_generated_quantities, pstream);\n    }\n    template <bool propto__, bool jacobian__, typename T_>\n    inline T_ log_prob(Eigen::Matrix<T_,Eigen::Dynamic,1>& params_r,\n                       std::ostream* pstream = nullptr) const {\n      Eigen::Matrix<int, -1, 1> params_i;\n      return log_prob_impl<propto__, jacobian__>(params_r, params_i, pstream);\n    }\n    template <bool propto__, bool jacobian__, typename T__>\n    inline T__ log_prob(std::vector<T__>& params_r,\n                        std::vector<int>& params_i,\n                        std::ostream* pstream = nullptr) const {\n      return log_prob_impl<propto__, jacobian__>(params_r, params_i, pstream);\n    }\n  \n    inline void transform_inits(const stan::io::var_context& context,\n                         Eigen::Matrix<double, Eigen::Dynamic, 1>& params_r,\n                         std::ostream* pstream = nullptr) const final {\n      std::vector<double> params_r_vec(params_r.size());\n      std::vector<int> params_i;\n      transform_inits_impl(context, params_i, params_r_vec, pstream);\n      params_r.resize(params_r_vec.size());\n      for (int i = 0; i < params_r.size(); ++i) {\n        params_r.coeffRef(i) = params_r_vec[i];\n      }\n    }\n    inline void transform_inits(const stan::io::var_context& context,\n                                std::vector<int>& params_i,\n                                std::vector<double>& vars,\n                                std::ostream* pstream = nullptr) const final {\n      transform_inits_impl(context, params_i, vars, pstream);\n    }        \n};\n}\nusing stan_model = model2ed7fb51a10baa_bandit2arm_delta_main_namespace::model2ed7fb51a10baa_bandit2arm_delta_main;\n#ifndef USING_R\n// Boilerplate\nstan::model::model_base& new_model(\n        stan::io::var_context& data_context,\n        unsigned int seed,\n        std::ostream* msg_stream) {\n  stan_model* m = new stan_model(data_context, seed, msg_stream);\n  return *m;\n}\nstan::math::profile_map& get_stan_profile_data() {\n  return model2ed7fb51a10baa_bandit2arm_delta_main_namespace::profiles__;\n}\n#endif"

$model_name
[1] "bandit2arm_delta_main"

$model_code
[1] "// MILENA MUSIAL 12/2023\n// input\ndata {\n  int<lower=1> N; // subjects\n  int<lower=1> T; // total number of trials across subjects\n  int<lower=1> MT; // max number of trials / subject\n  int<lower=1, upper=MT> Tsubj[N]; // actual number of trials / subject\n  int<lower=-999, upper=2> choice[N, MT]; // choice of correct (1) or incorrect (0) card\n  int<lower=-999, upper=1> outcome[N, MT];  // outcome\n  int<lower = 0, upper = 1> run_estimation; // a switch to evaluate the likelihood\n}\n// transformed input\ntransformed data {\n  vector[2] initV;  // initial values for EV, both choices have a value of 0.5\n  initV = rep_vector(0.5, 2); // set initial Q value to 0.5 (middle btw. 0 and 1)\n}\n// output - posterior distribution should be sought\nparameters {\n// Declare all parameters as vectors for vectorizing\n  // Hyper(group)-parameters\n  vector[2] mu_pr; // group level means for the 2 parameters\n  vector<lower=0>[2] sigma; // group level variance for the two parameters\n  // Subject-level raw parameters (for Matt trick - efficient way of sampling)\n  vector[N] A_pr;    // learning rate\n  vector[N] tau_pr;  // inverse temperature\n}\ntransformed parameters {\n  // initialize subject-level parameters\n  vector<lower=0, upper=1>[N] A; // bring alpha to range between 0 and 1\n  vector<lower=0, upper=100>[N] tau; // bring tau to range between 0 and 100\n\n  // compute subject-level parameters: group mean per parameter + individual subject parameter * group level variance\n  for (i in 1:N) {\n    A[i]   = Phi_approx(mu_pr[1]  + sigma[1]  * A_pr[i]);\n    tau[i] = Phi_approx(mu_pr[2] + sigma[2] * tau_pr[i]) * 100;\n  }\n\n}\nmodel {\n  // Hyperparameters - define prior distributions\n  mu_pr ~ normal(0, 1);\n  sigma ~ cauchy(0, 2); // changed from (0, 1) in main fitting result, (0, 0.2) is according to hBayesdm\n\n  // individual parameters - define prior distributions\n  A_pr ~ normal(0, 1);\n  tau_pr ~ normal(0, 1);\n\n  // only execute this part if we want to evaluate likelihood (fit real data)\n  if (run_estimation==1){\n    // subject loop\n    for (i in 1:N) {\n      vector[2] ev; // expected value\n      real PE;      // prediction error\n\n      ev = initV;\n\n      // trial loop\n      for (t in 1:Tsubj[i]) {\n\n        // how does choice relate to inverse temperature and action value\n        choice[i, t] ~ bernoulli_logit(tau[i] * (ev[2]-ev[1])); // inverse temp * Q\n\n        // prediction error\n        PE = outcome[i, t] - ev[choice[i,t]+1]; // outcome - Q of choice taken\n\n        // value updating (learning)\n        ev[choice[i,t]+1] += A[i] * PE; // Q + alpha * PE                                                                                       //??? do we need to update Q-values separately per choice?\n\n      }\n\n    }\n\n  }\n\n}\ngenerated quantities {\n  // For group level parameters\n  real<lower=0, upper=1> mu_A; // initialize mean of posterior\n  real<lower=0, upper=100> mu_tau;\n  // For log likelihood calculation\n  real log_lik[N,MT];\n  real log_lik_s[N];\n\n  // for choice propability calculation (of chosen option)\n  real softmax_ev_chosen[N,MT];\n  // For posterior predictive check\n  int y_pred[N,MT];\n\n  // extracting PEs per subject and trial\n  real PE_pred[N,MT];\n\n  // extracting q values per subject and trial\n  real ev_pred[N,MT,2];\n  real ev_chosen_pred[N,MT];\n\n  // Set all PE and ev predictions to -999 (avoids NULL values)\n  for (i in 1:N) {\n    log_lik_s[i] = -999;\n    for (t in 1:MT) {\n      y_pred[i,t] = -999;\n      PE_pred[i,t] = -999;\n      ev_chosen_pred[i,t] = -999;\n      softmax_ev_chosen[i,t] = -999;\n      log_lik[i,t] = -999;\n      for (c in 1:2) {\n        ev_pred[i,t,c] = -999;\n      }\n    }\n  }\n  // calculate mean of posterior\n  mu_A   = Phi_approx(mu_pr[1]);\n  mu_tau = Phi_approx(mu_pr[2])*100;\n\n  { // local section, this saves time and space\n    for (i in 1:N) {\n\n      vector[2] ev; // expected value\n      real PE;      // prediction error\n      vector[2] softmax_ev; // softmax per ev\n      // initialize values\n      ev = initV;\n      log_lik_s[i] = 0;\n\n      // quantities of interest\n\n      for (t in 1:Tsubj[i]) {\n\n        // generate prediction for current trial\n        // if estimation = 1, we draw from the posterior\n        // if estimation = 0, we equally draw from the posterior, but the posterior is equal to the prior as likelihood is not evaluated\n        y_pred[i, t] = bernoulli_logit_rng(tau[i] * (ev[2]-ev[1])); // following the recommendation to use the same function as in model block but with rng ending\n\n        // if estimation = 1, compute quantities of interest based on actual choices\n        if (run_estimation==1){\n\n          // compute log likelihood of current trial\n          log_lik[i,t] = bernoulli_logit_lpmf(choice[i,t] | tau[i] * (ev[2]-ev[1]));\n          log_lik_s[i] += bernoulli_logit_lpmf(choice[i,t] | tau[i] * (ev[2]-ev[1]));\n\n          // compute choice probability\n          softmax_ev = softmax(tau[i]*ev);\n          softmax_ev_chosen[i,t] = softmax_ev[choice[i,t]+1];\n\n          // prediction error\n          PE = outcome[i,t] - ev[choice[i,t]+1];\n          PE_pred[i,t] = PE;\n\n          // value updating (learning)\n          ev[choice[i,t]+1] += A[i] * PE;\n\n          ev_pred[i,t,1] = ev[1]; // copy both evs into pred\n          ev_pred[i,t,2] = ev[2]; // copy both evs into pred\n\n          ev_chosen_pred[i,t] = ev[choice[i,t]+1];\n\n        }\n\n        // if estimation = 0, compute quantities of interest based on simulated choices\n        if (run_estimation==0){\n\n          // compute log likelihood of current trial\n          log_lik[i,t] = bernoulli_logit_lpmf(y_pred[i, t] | tau[i] * (ev[2]-ev[1]));\n          log_lik_s[i] += bernoulli_logit_lpmf(y_pred[i, t] | tau[i] * (ev[2]-ev[1]));\n\n          // prediction error\n          PE = outcome[i,t] - ev[y_pred[i,t]+1];\n          PE_pred[i,t] = PE;\n\n          // value updating (learning)\n          ev[y_pred[i,t]+1] += A[i] * PE;\n\n          ev_pred[i,t,1] = ev[1]; // copy both evs into pred\n          ev_pred[i,t,2] = ev[2]; // copy both evs into pred\n\n          ev_chosen_pred[i,t] = ev[y_pred[i,t]+1];\n\n        }\n\n      } // trial loop\n\n    } // subject loop\n\n  } // local section\n} // generated quantities"
attr(,"model_name2")
[1] "bandit2arm_delta_main"

> 
> 
> ##### Fit Model #####
> 
> # Options
> s <- list(adapt_delta=0.9, stepsize=0.5)
> 
> # Fit
> fit <- stan(file = stan_model, data = stan_data, warmup =1000, iter = 10000, chains = 4, verbose=TRUE, control=s)

TRANSLATING MODEL '' FROM Stan CODE TO C++ CODE NOW.

CHECKING DATA AND PREPROCESSING FOR MODEL 'anon_model' NOW.

COMPILING MODEL 'anon_model' NOW.

STARTING SAMPLER FOR MODEL 'anon_model' NOW.

CHECKING DATA AND PREPROCESSING FOR MODEL 'anon_model' NOW.

COMPILING MODEL 'anon_model' NOW.

STARTING SAMPLER FOR MODEL 'anon_model' NOW.

CHECKING DATA AND PREPROCESSING FOR MODEL 'anon_model' NOW.

COMPILING MODEL 'anon_model' NOW.

STARTING SAMPLER FOR MODEL 'anon_model' NOW.

CHECKING DATA AND PREPROCESSING FOR MODEL 'anon_model' NOW.

COMPILING MODEL 'anon_model' NOW.

STARTING SAMPLER FOR MODEL 'anon_model' NOW.

CHECKING DATA AND PREPROCESSING FOR MODEL 'anon_model' NOW.

COMPILING MODEL 'anon_model' NOW.

STARTING SAMPLER FOR MODEL 'anon_model' NOW.

SAMPLING FOR MODEL 'anon_model' NOW (CHAIN 1).

SAMPLING FOR MODEL 'anon_model' NOW (CHAIN 2).

SAMPLING FOR MODEL 'anon_model' NOW (CHAIN 3).

SAMPLING FOR MODEL 'anon_model' NOW (CHAIN 4).
Chain 2: 
Chain 2: Gradient evaluation took 0.002238 seconds
Chain 2: 1000 transitions using 10 leapfrog steps per transition would take 22.38 seconds.
Chain 2: Adjust your expectations accordingly!
Chain 2: 
Chain 2: 
Chain Chain 2: 3Iteration:    1 / 10000 [  0%]  (Warmup): 

Chain 3: Gradient evaluation took 0.001955 seconds
Chain 3: 1000 transitions using 10 leapfrog steps per transition would take 19.55 seconds.
Chain 3: Adjust your expectations accordingly!
Chain 3: 
Chain 3: 
Chain 3: Iteration:    1 / 10000 [  0%]  (Warmup)
Chain 4: 
Chain 4: Gradient evaluation took 0.002069 seconds
Chain 4: 1000 transitions using 10 leapfrog steps per transition would take 20.69 seconds.
Chain 4: Adjust your expectations accordingly!
Chain 4: 
Chain 4: 
Chain 4: Iteration:    1 / 10000 [  0%]  (Warmup)
Chain 1: 
Chain 1: Gradient evaluation took 0.002015 seconds
Chain 1: 1000 transitions using 10 leapfrog steps per transition would take 20.15 seconds.
Chain 1: Adjust your expectations accordingly!
Chain 1: 
Chain 1: 
Chain 1: Iteration:    1 / 10000 [  0%]  (Warmup)
Chain 2: Iteration: 1000 / 10000 [ 10%]  (Warmup)
Chain 2: Iteration: 1001 / 10000 [ 10%]  (Sampling)
Chain 3: Iteration: 1000 / 10000 [ 10%]  (Warmup)
Chain 3: Iteration: 1001 / 10000 [ 10%]  (Sampling)
Chain 1: Iteration: 1000 / 10000 [ 10%]  (Warmup)
Chain 1: Iteration: 1001 / 10000 [ 10%]  (Sampling)
Chain 4: Iteration: 1000 / 10000 [ 10%]  (Warmup)
Chain 4: Iteration: 1001 / 10000 [ 10%]  (Sampling)
Chain 2: Iteration: 2000 / 10000 [ 20%]  (Sampling)
Chain 3: Iteration: 2000 / 10000 [ 20%]  (Sampling)
Chain 4: Iteration: 2000 / 10000 [ 20%]  (Sampling)
Chain 1: Iteration: 2000 / 10000 [ 20%]  (Sampling)
Chain 2: Iteration: 3000 / 10000 [ 30%]  (Sampling)
Chain 3: Iteration: 3000 / 10000 [ 30%]  (Sampling)
Chain 4: Iteration: 3000 / 10000 [ 30%]  (Sampling)
Chain 1: Iteration: 3000 / 10000 [ 30%]  (Sampling)
Chain 2: Iteration: 4000 / 10000 [ 40%]  (Sampling)
Chain 3: Iteration: 4000 / 10000 [ 40%]  (Sampling)
Chain 4: Iteration: 4000 / 10000 [ 40%]  (Sampling)
Chain 2: Iteration: 5000 / 10000 [ 50%]  (Sampling)
Chain 3: Iteration: 5000 / 10000 [ 50%]  (Sampling)
Chain 1: Iteration: 4000 / 10000 [ 40%]  (Sampling)
Chain 4: Iteration: 5000 / 10000 [ 50%]  (Sampling)
Chain 2: Iteration: 6000 / 10000 [ 60%]  (Sampling)
Chain 3: Iteration: 6000 / 10000 [ 60%]  (Sampling)
Chain 4: Iteration: 6000 / 10000 [ 60%]  (Sampling)
Chain 1: Iteration: 5000 / 10000 [ 50%]  (Sampling)
Chain 2: Iteration: 7000 / 10000 [ 70%]  (Sampling)
Chain 3: Iteration: 7000 / 10000 [ 70%]  (Sampling)
Chain 4: Iteration: 7000 / 10000 [ 70%]  (Sampling)
Chain 1: Iteration: 6000 / 10000 [ 60%]  (Sampling)
Chain 2: Iteration: 8000 / 10000 [ 80%]  (Sampling)
Chain 3: Iteration: 8000 / 10000 [ 80%]  (Sampling)
Chain 4: Iteration: 8000 / 10000 [ 80%]  (Sampling)
Chain 2: Iteration: 9000 / 10000 [ 90%]  (Sampling)
Chain 3: Iteration: 9000 / 10000 [ 90%]  (Sampling)
Chain 1: Iteration: 7000 / 10000 [ 70%]  (Sampling)
Chain 4: Iteration: 9000 / 10000 [ 90%]  (Sampling)
Chain 2: Iteration: 10000 / 10000 [100%]  (Sampling)
Chain 2: 
Chain 2:  Elapsed Time: 187.974 seconds (Warm-up)
Chain 2:                1070.85 seconds (Sampling)
Chain 2:                1258.83 seconds (Total)
Chain 2: 
Chain 3: Iteration: 10000 / 10000 [100%]  (Sampling)
Chain 3: 
Chain 3:  Elapsed Time: 189.972 seconds (Warm-up)
Chain 3:                1075.67 seconds (Sampling)
Chain 3:                1265.65 seconds (Total)
Chain 3: 
Chain 4: Iteration: 10000 / 10000 [100%]  (Sampling)
Chain 4: 
Chain 4:  Elapsed Time: 204.848 seconds (Warm-up)
Chain 4:                1068.37 seconds (Sampling)
Chain 4:                1273.22 seconds (Total)
Chain 4: 
Chain 1: Iteration: 8000 / 10000 [ 80%]  (Sampling)
Chain 1: Iteration: 9000 / 10000 [ 90%]  (Sampling)
Chain 1: Iteration: 10000 / 10000 [100%]  (Sampling)
Chain 1: 
Chain 1:  Elapsed Time: 194.139 seconds (Warm-up)
Chain 1:                1428.17 seconds (Sampling)
Chain 1:                1622.3 seconds (Total)
Chain 1: 
> 
> 
> ##### Save fitted object as RDS #####
> output_filename <- paste("fit_", sample ,'_', Sys.Date(), '_', model_name, '_estimation', estimation, '_delta', s$adapt_delta, '_stepsize', s$stepsize, ".rds", sep="")
> saveRDS(fit, file=file.path(filepath, "Output", output_filename))
> 
> 
